#
# There is insufficient memory for the Java Runtime Environment to continue.
# Native memory allocation (malloc) failed to allocate 3429904 bytes for Chunk::new
# Possible reasons:
#   The system is out of physical RAM or swap space
#   The process is running with CompressedOops enabled, and the Java Heap may be blocking the growth of the native heap
# Possible solutions:
#   Reduce memory load on the system
#   Increase physical memory or swap space
#   Check if swap backing store is full
#   Decrease Java heap size (-Xmx/-Xms)
#   Decrease number of Java threads
#   Decrease Java thread stack sizes (-Xss)
#   Set larger code cache with -XX:ReservedCodeCacheSize=
#   JVM is running with Zero Based Compressed Oops mode in which the Java heap is
#     placed in the first 32GB address space. The Java Heap base address is the
#     maximum limit for the native heap growth. Please use -XX:HeapBaseMinAddress
#     to set the Java Heap base and to place the Java Heap above 32GB virtual address.
# This output file may be truncated or incomplete.
#
#  Out of Memory Error (arena.cpp:189), pid=8272, tid=3996
#
# JRE version: Java(TM) SE Runtime Environment (17.0.14+8) (build 17.0.14+8-LTS-191)
# Java VM: Java HotSpot(TM) 64-Bit Server VM (17.0.14+8-LTS-191, mixed mode, sharing, tiered, compressed oops, compressed class ptrs, g1 gc, windows-amd64)
# No core dump will be written. Minidumps are not enabled by default on client versions of Windows
#

---------------  S U M M A R Y ------------

Command Line: -agentlib:jdwp=transport=dt_socket,address=127.0.0.1:58183,suspend=y,server=n -javaagent:C:\Users\dat-acc\AppData\Local\JetBrains\IdeaIC2024.3\captureAgent\debugger-agent.jar -Dkotlinx.coroutines.debug.enable.creation.stack.trace=false -Ddebugger.agent.enable.coroutines=true -Dkotlinx.coroutines.debug.enable.flows.stack.trace=true -Dkotlinx.coroutines.debug.enable.mutable.state.flows.stack.trace=true -Dfile.encoding=UTF-8 vn.dathocjava.dathocjava_sample.DathocjavaSampleApplication

Host: Intel(R) Xeon(R) Platinum 8272CL CPU @ 2.60GHz, 8 cores, 15G,  Windows 10 , 64 bit Build 19041 (10.0.19041.5678)
Time: Thu May  1 14:36:04 2025 Coordinated Universal Time elapsed time: 13.877706 seconds (0d 0h 0m 13s)

---------------  T H R E A D  ---------------

Current thread (0x00000178d6b82f00):  JavaThread "C2 CompilerThread2" daemon [_thread_in_native, id=3996, stack(0x0000000496800000,0x0000000496900000)]


Current CompileTask:
C2:  13877 6023       4       org.springframework.core.annotation.TypeMappedAnnotations$MergedAnnotationFinder::doWithAnnotations (75 bytes)

Stack: [0x0000000496800000,0x0000000496900000]
Native frames: (J=compiled Java code, j=interpreted, Vv=VM code, C=native code)
V  [jvm.dll+0x67a38a]
V  [jvm.dll+0x7da7ed]
V  [jvm.dll+0x7dc133]
V  [jvm.dll+0x7dc7a3]
V  [jvm.dll+0x24517f]
V  [jvm.dll+0xab773]
V  [jvm.dll+0xabd3c]
V  [jvm.dll+0x361e4e]
V  [jvm.dll+0x1ba47a]
V  [jvm.dll+0x216a97]
V  [jvm.dll+0x215d6f]
V  [jvm.dll+0x1a2950]
V  [jvm.dll+0x22620b]
V  [jvm.dll+0x2243ab]
V  [jvm.dll+0x790bbc]
V  [jvm.dll+0x78b04a]
V  [jvm.dll+0x679275]
C  [ucrtbase.dll+0x21bb2]
C  [KERNEL32.DLL+0x17374]
C  [ntdll.dll+0x4cc91]


---------------  P R O C E S S  ---------------

Threads class SMR info:
_java_thread_list=0x00000178e33b0320, length=35, elements={
0x00000178ffaf7c10, 0x00000178ffaf86e0, 0x00000178ffb06f10, 0x00000178ffb098f0,
0x00000178ffb0c1d0, 0x00000178ffb0caa0, 0x00000178ffb0d6a0, 0x00000178d600a850,
0x00000178d600b160, 0x00000178d60db740, 0x00000178d61ba910, 0x00000178d61bb9a0,
0x00000178d61bc220, 0x00000178d62624d0, 0x00000178dbdd8240, 0x00000178dbdd7310,
0x00000178d6b87960, 0x00000178d6b82f00, 0x00000178e13aced0, 0x00000178e13ac4b0,
0x00000178e13af750, 0x00000178e1f8df80, 0x00000178e1d426d0, 0x00000178e1d45460,
0x00000178e1d49120, 0x00000178e1d477d0, 0x00000178e1d468a0, 0x00000178e1d44a40,
0x00000178e1d481f0, 0x00000178e1d43600, 0x00000178e1d45970, 0x00000178e1d44020,
0x00000178e1d44f50, 0x00000178e1d45e80, 0x00000178e1d46390
}

Java Threads: ( => current thread )
  0x00000178ffaf7c10 JavaThread "Reference Handler" daemon [_thread_blocked, id=19424, stack(0x0000000495800000,0x0000000495900000)]
  0x00000178ffaf86e0 JavaThread "Finalizer" daemon [_thread_blocked, id=2944, stack(0x0000000495900000,0x0000000495a00000)]
  0x00000178ffb06f10 JavaThread "Signal Dispatcher" daemon [_thread_blocked, id=11416, stack(0x0000000495a00000,0x0000000495b00000)]
  0x00000178ffb098f0 JavaThread "Attach Listener" daemon [_thread_blocked, id=17228, stack(0x0000000495b00000,0x0000000495c00000)]
  0x00000178ffb0c1d0 JavaThread "Service Thread" daemon [_thread_blocked, id=1676, stack(0x0000000495c00000,0x0000000495d00000)]
  0x00000178ffb0caa0 JavaThread "Monitor Deflation Thread" daemon [_thread_blocked, id=16256, stack(0x0000000495d00000,0x0000000495e00000)]
  0x00000178ffb0d6a0 JavaThread "C2 CompilerThread0" daemon [_thread_in_native, id=16824, stack(0x0000000495e00000,0x0000000495f00000)]
  0x00000178d600a850 JavaThread "C1 CompilerThread0" daemon [_thread_blocked, id=14808, stack(0x0000000495f00000,0x0000000496000000)]
  0x00000178d600b160 JavaThread "Sweeper thread" daemon [_thread_blocked, id=15972, stack(0x0000000496000000,0x0000000496100000)]
  0x00000178d60db740 JavaThread "Common-Cleaner" daemon [_thread_blocked, id=9564, stack(0x0000000496100000,0x0000000496200000)]
  0x00000178d61ba910 JavaThread "JDWP Transport Listener: dt_socket" daemon [_thread_blocked, id=1688, stack(0x0000000496300000,0x0000000496400000)]
  0x00000178d61bb9a0 JavaThread "JDWP Event Helper Thread" daemon [_thread_blocked, id=3412, stack(0x0000000496400000,0x0000000496500000)]
  0x00000178d61bc220 JavaThread "JDWP Command Reader" daemon [_thread_in_native, id=13264, stack(0x0000000496500000,0x0000000496600000)]
  0x00000178d62624d0 JavaThread "Notification Thread" daemon [_thread_blocked, id=17520, stack(0x0000000496600000,0x0000000496700000)]
  0x00000178dbdd8240 JavaThread "PostgreSQL-JDBC-Cleaner" daemon [_thread_blocked, id=18340, stack(0x0000000497100000,0x0000000497200000)]
  0x00000178dbdd7310 JavaThread "HikariPool-1 housekeeper" daemon [_thread_blocked, id=9172, stack(0x0000000497300000,0x0000000497400000)]
  0x00000178d6b87960 JavaThread "C2 CompilerThread1" daemon [_thread_in_native, id=5644, stack(0x0000000496200000,0x0000000496300000)]
=>0x00000178d6b82f00 JavaThread "C2 CompilerThread2" daemon [_thread_in_native, id=3996, stack(0x0000000496800000,0x0000000496900000)]
  0x00000178e13aced0 JavaThread "Catalina-utility-1" [_thread_blocked, id=18828, stack(0x0000000497500000,0x0000000497600000)]
  0x00000178e13ac4b0 JavaThread "Catalina-utility-2" [_thread_blocked, id=2740, stack(0x0000000497600000,0x0000000497700000)]
  0x00000178e13af750 JavaThread "container-0" [_thread_blocked, id=4968, stack(0x0000000497700000,0x0000000497800000)]
  0x00000178e1f8df80 JavaThread "lettuce-timer-3-1" daemon [_thread_blocked, id=5412, stack(0x0000000497800000,0x0000000497900000)]
  0x00000178e1d426d0 JavaThread "http-nio-8084-exec-1" daemon [_thread_blocked, id=6980, stack(0x0000000497900000,0x0000000497a00000)]
  0x00000178e1d45460 JavaThread "http-nio-8084-exec-2" daemon [_thread_blocked, id=11824, stack(0x0000000497a00000,0x0000000497b00000)]
  0x00000178e1d49120 JavaThread "http-nio-8084-exec-3" daemon [_thread_blocked, id=14612, stack(0x0000000497b00000,0x0000000497c00000)]
  0x00000178e1d477d0 JavaThread "http-nio-8084-exec-4" daemon [_thread_blocked, id=14152, stack(0x0000000497c00000,0x0000000497d00000)]
  0x00000178e1d468a0 JavaThread "http-nio-8084-exec-5" daemon [_thread_blocked, id=4900, stack(0x0000000497d00000,0x0000000497e00000)]
  0x00000178e1d44a40 JavaThread "http-nio-8084-exec-6" daemon [_thread_blocked, id=14212, stack(0x0000000497e00000,0x0000000497f00000)]
  0x00000178e1d481f0 JavaThread "http-nio-8084-exec-7" daemon [_thread_blocked, id=18676, stack(0x0000000497f00000,0x0000000498000000)]
  0x00000178e1d43600 JavaThread "http-nio-8084-exec-8" daemon [_thread_blocked, id=16328, stack(0x0000000498000000,0x0000000498100000)]
  0x00000178e1d45970 JavaThread "http-nio-8084-exec-9" daemon [_thread_blocked, id=18204, stack(0x0000000498100000,0x0000000498200000)]
  0x00000178e1d44020 JavaThread "http-nio-8084-exec-10" daemon [_thread_blocked, id=15652, stack(0x0000000498200000,0x0000000498300000)]
  0x00000178e1d44f50 JavaThread "http-nio-8084-Poller" daemon [_thread_in_native, id=15804, stack(0x0000000498300000,0x0000000498400000)]
  0x00000178e1d45e80 JavaThread "http-nio-8084-Acceptor" daemon [_thread_in_native, id=8352, stack(0x0000000498400000,0x0000000498500000)]
  0x00000178e1d46390 JavaThread "DestroyJavaVM" [_thread_blocked, id=18740, stack(0x0000000495100000,0x0000000495200000)]

Other Threads:
  0x00000178ffaf1980 VMThread "VM Thread" [stack: 0x0000000495700000,0x0000000495800000] [id=14272]
  0x00000178d623f5d0 WatcherThread [stack: 0x0000000496700000,0x0000000496800000] [id=17100]
  0x00000178edceec50 GCTaskThread "GC Thread#0" [stack: 0x0000000495200000,0x0000000495300000] [id=19120]
  0x00000178d6f393d0 GCTaskThread "GC Thread#1" [stack: 0x0000000496900000,0x0000000496a00000] [id=19036]
  0x00000178d71f80d0 GCTaskThread "GC Thread#2" [stack: 0x0000000496a00000,0x0000000496b00000] [id=5416]
  0x00000178d71e57d0 GCTaskThread "GC Thread#3" [stack: 0x0000000496b00000,0x0000000496c00000] [id=6132]
  0x00000178d7126c10 GCTaskThread "GC Thread#4" [stack: 0x0000000496c00000,0x0000000496d00000] [id=16416]
  0x00000178d7771d10 GCTaskThread "GC Thread#5" [stack: 0x0000000496d00000,0x0000000496e00000] [id=12512]
  0x00000178d7771fd0 GCTaskThread "GC Thread#6" [stack: 0x0000000496e00000,0x0000000496f00000] [id=11892]
  0x00000178d7771790 GCTaskThread "GC Thread#7" [stack: 0x0000000496f00000,0x0000000497000000] [id=18636]
  0x00000178edcffab0 ConcurrentGCThread "G1 Main Marker" [stack: 0x0000000495300000,0x0000000495400000] [id=19232]
  0x00000178edd003d0 ConcurrentGCThread "G1 Conc#0" [stack: 0x0000000495400000,0x0000000495500000] [id=10152]
  0x00000178d86c4c80 ConcurrentGCThread "G1 Conc#1" [stack: 0x0000000497200000,0x0000000497300000] [id=17092]
  0x00000178edd3d450 ConcurrentGCThread "G1 Refine#0" [stack: 0x0000000495500000,0x0000000495600000] [id=8808]
  0x00000178edd3dc90 ConcurrentGCThread "G1 Service" [stack: 0x0000000495600000,0x0000000495700000] [id=5628]

Threads with active compile tasks:
C2 CompilerThread0    13888 6066   !   4       org.springframework.util.ReflectionUtils::doWithMethods (186 bytes)
C2 CompilerThread1    13888 6014       4       org.springframework.core.annotation.AnnotationsScanner::getDeclaredAnnotations (166 bytes)
C2 CompilerThread2    13889 6023       4       org.springframework.core.annotation.TypeMappedAnnotations$MergedAnnotationFinder::doWithAnnotations (75 bytes)

VM state: not at safepoint (normal execution)

VM Mutex/Monitor currently owned by a thread: None

Heap address: 0x0000000700000000, size: 4096 MB, Compressed Oops mode: Zero based, Oop shift amount: 3

CDS archive(s) mapped at: [0x0000017891000000-0x0000017891bd0000-0x0000017891bd0000), size 12386304, SharedBaseAddress: 0x0000017891000000, ArchiveRelocationMode: 1.
Compressed class space mapped at: 0x0000017892000000-0x00000178d2000000, reserved size: 1073741824
Narrow klass base: 0x0000017891000000, Narrow klass shift: 0, Narrow klass range: 0x100000000

GC Precious Log:
 CPUs: 8 total, 8 available
 Memory: 16382M
 Large Page Support: Disabled
 NUMA Support: Disabled
 Compressed Oops: Enabled (Zero based)
 Heap Region Size: 2M
 Heap Min Capacity: 8M
 Heap Initial Capacity: 256M
 Heap Max Capacity: 4G
 Pre-touch: Disabled
 Parallel Workers: 8
 Concurrent Workers: 2
 Concurrent Refinement Workers: 8
 Periodic GC: Disabled

Heap:
 garbage-first heap   total 102400K, used 36469K [0x0000000700000000, 0x0000000800000000)
  region size 2048K, 3 young (6144K), 2 survivors (4096K)
 Metaspace       used 81366K, committed 81920K, reserved 1179648K
  class space    used 10883K, committed 11136K, reserved 1048576K

Heap Regions: E=young(eden), S=young(survivor), O=old, HS=humongous(starts), HC=humongous(continues), CS=collection set, F=free, OA=open archive, CA=closed archive, TAMS=top-at-mark-start (previous, next)
|   0|0x0000000700000000, 0x0000000700200000, 0x0000000700200000|100%| O|  |TAMS 0x0000000700200000, 0x0000000700000000| Untracked 
|   1|0x0000000700200000, 0x0000000700400000, 0x0000000700400000|100%| O|  |TAMS 0x0000000700400000, 0x0000000700200000| Untracked 
|   2|0x0000000700400000, 0x0000000700600000, 0x0000000700600000|100%| O|  |TAMS 0x0000000700600000, 0x0000000700400000| Untracked 
|   3|0x0000000700600000, 0x0000000700800000, 0x0000000700800000|100%| O|  |TAMS 0x0000000700800000, 0x0000000700600000| Untracked 
|   4|0x0000000700800000, 0x0000000700a00000, 0x0000000700a00000|100%| O|  |TAMS 0x0000000700a00000, 0x0000000700800000| Untracked 
|   5|0x0000000700a00000, 0x0000000700c00000, 0x0000000700c00000|100%| O|  |TAMS 0x0000000700c00000, 0x0000000700a00000| Untracked 
|   6|0x0000000700c00000, 0x0000000700e00000, 0x0000000700e00000|100%| O|  |TAMS 0x0000000700e00000, 0x0000000700c00000| Untracked 
|   7|0x0000000700e00000, 0x0000000701000000, 0x0000000701000000|100%| O|  |TAMS 0x0000000701000000, 0x0000000700e00000| Untracked 
|   8|0x0000000701000000, 0x0000000701200000, 0x0000000701200000|100%| O|  |TAMS 0x0000000701000000, 0x0000000701000000| Untracked 
|   9|0x0000000701200000, 0x0000000701400000, 0x0000000701400000|100%| O|  |TAMS 0x0000000701400000, 0x0000000701200000| Untracked 
|  10|0x0000000701400000, 0x0000000701600000, 0x0000000701600000|100%| O|  |TAMS 0x0000000701600000, 0x0000000701400000| Untracked 
|  11|0x0000000701600000, 0x0000000701800000, 0x0000000701800000|100%| O|  |TAMS 0x0000000701600000, 0x0000000701600000| Untracked 
|  12|0x0000000701800000, 0x0000000701a00000, 0x0000000701a00000|100%| O|  |TAMS 0x0000000701800000, 0x0000000701800000| Untracked 
|  13|0x0000000701a00000, 0x0000000701c00000, 0x0000000701c00000|100%| O|  |TAMS 0x0000000701a00000, 0x0000000701a00000| Untracked 
|  14|0x0000000701c00000, 0x0000000701e00000, 0x0000000701e00000|100%| O|  |TAMS 0x0000000701c00000, 0x0000000701c00000| Untracked 
|  15|0x0000000701e00000, 0x0000000701fbe400, 0x0000000702000000| 87%| O|  |TAMS 0x0000000701e00000, 0x0000000701e00000| Untracked 
|  16|0x0000000702000000, 0x0000000702000000, 0x0000000702200000|  0%| F|  |TAMS 0x0000000702000000, 0x0000000702000000| Untracked 
|  17|0x0000000702200000, 0x0000000702200000, 0x0000000702400000|  0%| F|  |TAMS 0x0000000702200000, 0x0000000702200000| Untracked 
|  18|0x0000000702400000, 0x0000000702400000, 0x0000000702600000|  0%| F|  |TAMS 0x0000000702400000, 0x0000000702400000| Untracked 
|  19|0x0000000702600000, 0x0000000702600000, 0x0000000702800000|  0%| F|  |TAMS 0x0000000702600000, 0x0000000702600000| Untracked 
|  20|0x0000000702800000, 0x0000000702800000, 0x0000000702a00000|  0%| F|  |TAMS 0x0000000702800000, 0x0000000702800000| Untracked 
|  21|0x0000000702a00000, 0x0000000702a00000, 0x0000000702c00000|  0%| F|  |TAMS 0x0000000702a00000, 0x0000000702a00000| Untracked 
|  22|0x0000000702c00000, 0x0000000702c00000, 0x0000000702e00000|  0%| F|  |TAMS 0x0000000702c00000, 0x0000000702c00000| Untracked 
|  23|0x0000000702e00000, 0x0000000702e00000, 0x0000000703000000|  0%| F|  |TAMS 0x0000000702e00000, 0x0000000702e00000| Untracked 
|  24|0x0000000703000000, 0x0000000703000000, 0x0000000703200000|  0%| F|  |TAMS 0x0000000703000000, 0x0000000703000000| Untracked 
|  25|0x0000000703200000, 0x00000007033df300, 0x0000000703400000| 93%| S|CS|TAMS 0x0000000703200000, 0x0000000703200000| Complete 
|  26|0x0000000703400000, 0x0000000703600000, 0x0000000703600000|100%| S|CS|TAMS 0x0000000703400000, 0x0000000703400000| Complete 
|  27|0x0000000703600000, 0x0000000703600000, 0x0000000703800000|  0%| F|  |TAMS 0x0000000703600000, 0x0000000703600000| Untracked 
|  28|0x0000000703800000, 0x0000000703800000, 0x0000000703a00000|  0%| F|  |TAMS 0x0000000703800000, 0x0000000703800000| Untracked 
|  29|0x0000000703a00000, 0x0000000703a00000, 0x0000000703c00000|  0%| F|  |TAMS 0x0000000703a00000, 0x0000000703a00000| Untracked 
|  30|0x0000000703c00000, 0x0000000703c00000, 0x0000000703e00000|  0%| F|  |TAMS 0x0000000703c00000, 0x0000000703c00000| Untracked 
|  31|0x0000000703e00000, 0x0000000703e00000, 0x0000000704000000|  0%| F|  |TAMS 0x0000000703e00000, 0x0000000703e00000| Untracked 
|  32|0x0000000704000000, 0x0000000704000000, 0x0000000704200000|  0%| F|  |TAMS 0x0000000704000000, 0x0000000704000000| Untracked 
|  33|0x0000000704200000, 0x0000000704200000, 0x0000000704400000|  0%| F|  |TAMS 0x0000000704200000, 0x0000000704200000| Untracked 
|  34|0x0000000704400000, 0x0000000704400000, 0x0000000704600000|  0%| F|  |TAMS 0x0000000704400000, 0x0000000704400000| Untracked 
|  35|0x0000000704600000, 0x0000000704600000, 0x0000000704800000|  0%| F|  |TAMS 0x0000000704600000, 0x0000000704600000| Untracked 
|  36|0x0000000704800000, 0x0000000704800000, 0x0000000704a00000|  0%| F|  |TAMS 0x0000000704800000, 0x0000000704800000| Untracked 
|  37|0x0000000704a00000, 0x0000000704a00000, 0x0000000704c00000|  0%| F|  |TAMS 0x0000000704a00000, 0x0000000704a00000| Untracked 
|  38|0x0000000704c00000, 0x0000000704c00000, 0x0000000704e00000|  0%| F|  |TAMS 0x0000000704c00000, 0x0000000704c00000| Untracked 
|  39|0x0000000704e00000, 0x0000000704e00000, 0x0000000705000000|  0%| F|  |TAMS 0x0000000704e00000, 0x0000000704e00000| Untracked 
|  40|0x0000000705000000, 0x0000000705000000, 0x0000000705200000|  0%| F|  |TAMS 0x0000000705000000, 0x0000000705000000| Untracked 
|  41|0x0000000705200000, 0x0000000705200000, 0x0000000705400000|  0%| F|  |TAMS 0x0000000705200000, 0x0000000705200000| Untracked 
|  42|0x0000000705400000, 0x0000000705400000, 0x0000000705600000|  0%| F|  |TAMS 0x0000000705400000, 0x0000000705400000| Untracked 
|  43|0x0000000705600000, 0x0000000705600000, 0x0000000705800000|  0%| F|  |TAMS 0x0000000705600000, 0x0000000705600000| Untracked 
|  44|0x0000000705800000, 0x0000000705800000, 0x0000000705a00000|  0%| F|  |TAMS 0x0000000705800000, 0x0000000705800000| Untracked 
| 101|0x000000070ca00000, 0x000000070ca00000, 0x000000070cc00000|  0%| F|  |TAMS 0x000000070ca00000, 0x000000070ca00000| Untracked 
| 102|0x000000070cc00000, 0x000000070cc00000, 0x000000070ce00000|  0%| F|  |TAMS 0x000000070cc00000, 0x000000070cc00000| Untracked 
| 103|0x000000070ce00000, 0x000000070ce00000, 0x000000070d000000|  0%| F|  |TAMS 0x000000070ce00000, 0x000000070ce00000| Untracked 
| 126|0x000000070fc00000, 0x000000070fc00000, 0x000000070fe00000|  0%| F|  |TAMS 0x000000070fc00000, 0x000000070fc00000| Untracked 
| 127|0x000000070fe00000, 0x000000070ffa0478, 0x0000000710000000| 81%| E|  |TAMS 0x000000070fe00000, 0x000000070fe00000| Complete 

Card table byte_map: [0x00000178f6080000,0x00000178f6880000] _byte_map_base: 0x00000178f2880000

Marking Bits (Prev, Next): (CMBitMap*) 0x00000178edcef1c0, (CMBitMap*) 0x00000178edcef180
 Prev Bits: [0x00000178fb080000, 0x00000178ff080000)
 Next Bits: [0x00000178f7080000, 0x00000178fb080000)

Polling page: 0x00000178ebc30000

Metaspace:

Usage:
  Non-class:     68.83 MB used.
      Class:     10.63 MB used.
       Both:     79.46 MB used.

Virtual space:
  Non-class space:      128.00 MB reserved,      69.12 MB ( 54%) committed,  2 nodes.
      Class space:        1.00 GB reserved,      10.88 MB (  1%) committed,  1 nodes.
             Both:        1.12 GB reserved,      80.00 MB (  7%) committed. 

Chunk freelists:
   Non-Class:  10.30 MB
       Class:  5.13 MB
        Both:  15.43 MB

MaxMetaspaceSize: unlimited
CompressedClassSpaceSize: 1.00 GB
Initial GC threshold: 21.00 MB
Current GC threshold: 98.44 MB
CDS: on
MetaspaceReclaimPolicy: balanced
 - commit_granule_bytes: 65536.
 - commit_granule_words: 8192.
 - virtual_space_node_default_size: 8388608.
 - enlarge_chunks_in_place: 1.
 - new_chunks_are_fully_committed: 0.
 - uncommit_free_chunks: 1.
 - use_allocation_guard: 0.
 - handle_deallocations: 1.


Internal statistics:

num_allocs_failed_limit: 9.
num_arena_births: 712.
num_arena_deaths: 0.
num_vsnodes_births: 3.
num_vsnodes_deaths: 0.
num_space_committed: 1280.
num_space_uncommitted: 0.
num_chunks_returned_to_freelist: 9.
num_chunks_taken_from_freelist: 3452.
num_chunk_merges: 9.
num_chunk_splits: 2592.
num_chunks_enlarged: 2139.
num_inconsistent_stats: 0.

CodeHeap 'non-profiled nmethods': size=120000Kb used=5023Kb max_used=5023Kb free=114976Kb
 bounds [0x0000017887ad0000, 0x0000017887fc0000, 0x000001788f000000]
CodeHeap 'profiled nmethods': size=120000Kb used=11515Kb max_used=11515Kb free=108484Kb
 bounds [0x0000017880000000, 0x0000017880b50000, 0x0000017887530000]
CodeHeap 'non-nmethods': size=5760Kb used=1421Kb max_used=1514Kb free=4338Kb
 bounds [0x0000017887530000, 0x00000178877a0000, 0x0000017887ad0000]
 total_blobs=6163 nmethods=5484 adapters=591
 compilation: enabled
              stopped_count=0, restarted_count=0
 full_count=0

Compilation events (20 events):
Event: 13.719 Thread 0x00000178d600a850 6232       2       org.springframework.boot.autoconfigure.condition.ConditionEvaluationReport$$Lambda$1772/0x0000017892adc8e8::accept (16 bytes)
Event: 13.720 Thread 0x00000178d600a850 nmethod 6232 0x0000017880b3c890 code [0x0000017880b3cb00, 0x0000017880b3d1c8]
Event: 13.720 Thread 0x00000178d600a850 6234       3       java.util.TreeMap::forEach (58 bytes)
Event: 13.720 Thread 0x00000178d600a850 nmethod 6234 0x0000017880b3d810 code [0x0000017880b3da40, 0x0000017880b3e118]
Event: 13.720 Thread 0x00000178d600a850 6233       2       org.springframework.boot.autoconfigure.condition.ConditionEvaluationReport::lambda$getConditionAndOutcomesBySource$1 (13 bytes)
Event: 13.722 Thread 0x00000178d600a850 nmethod 6233 0x0000017880b3e410 code [0x0000017880b3e660, 0x0000017880b3ec68]
Event: 13.722 Thread 0x00000178d600a850 6236       2       java.util.IdentityHashMap::put (137 bytes)
Event: 13.723 Thread 0x00000178d600a850 nmethod 6236 0x0000017880b3f210 code [0x0000017880b3f400, 0x0000017880b3fa38]
Event: 13.723 Thread 0x00000178d600a850 6235       2       org.springframework.boot.autoconfigure.condition.ConditionEvaluationReport$ConditionAndOutcomes::iterator (13 bytes)
Event: 13.723 Thread 0x00000178d600a850 nmethod 6235 0x0000017880b3fd10 code [0x0000017880b3fee0, 0x0000017880b401d8]
Event: 13.724 Thread 0x00000178d600a850 6237       2       org.springframework.core.annotation.AnnotationAwareOrderComparator::findOrderFromAnnotation (69 bytes)
Event: 13.725 Thread 0x00000178d600a850 nmethod 6237 0x0000017880b40390 code [0x0000017880b40580, 0x0000017880b40938]
Event: 13.726 Thread 0x00000178d600a850 6238       2       jdk.internal.math.FDBigInteger::mult (64 bytes)
Event: 13.726 Thread 0x00000178d600a850 nmethod 6238 0x0000017880b40b10 code [0x0000017880b40cc0, 0x0000017880b40ef8]
Event: 13.727 Thread 0x00000178d600a850 6239       2       jdk.internal.math.FDBigInteger::<init> (30 bytes)
Event: 13.727 Thread 0x00000178d600a850 nmethod 6239 0x0000017880b41110 code [0x0000017880b412c0, 0x0000017880b41468]
Event: 13.727 Thread 0x00000178d600a850 6240       2       jdk.internal.math.FDBigInteger::trimLeadingZeros (57 bytes)
Event: 13.727 Thread 0x00000178d600a850 nmethod 6240 0x0000017880b41590 code [0x0000017880b41720, 0x0000017880b418f8]
Event: 13.733 Thread 0x00000178d600a850 6241       2       org.springframework.core.annotation.AnnotationAwareOrderComparator::sort (20 bytes)
Event: 13.733 Thread 0x00000178d600a850 nmethod 6241 0x0000017880b41a10 code [0x0000017880b41bc0, 0x0000017880b41d18]

GC Heap History (20 events):
Event: 4.607 GC heap before
{Heap before GC invocations=7 (full 0):
 garbage-first heap   total 69632K, used 44202K [0x0000000700000000, 0x0000000800000000)
  region size 2048K, 15 young (30720K), 1 survivors (2048K)
 Metaspace       used 34021K, committed 34304K, reserved 1114112K
  class space    used 4154K, committed 4288K, reserved 1048576K
}
Event: 4.615 GC heap after
{Heap after GC invocations=8 (full 0):
 garbage-first heap   total 69632K, used 19186K [0x0000000700000000, 0x0000000800000000)
  region size 2048K, 2 young (4096K), 2 survivors (4096K)
 Metaspace       used 34021K, committed 34304K, reserved 1114112K
  class space    used 4154K, committed 4288K, reserved 1048576K
}
Event: 4.927 GC heap before
{Heap before GC invocations=8 (full 0):
 garbage-first heap   total 69632K, used 29426K [0x0000000700000000, 0x0000000800000000)
  region size 2048K, 8 young (16384K), 2 survivors (4096K)
 Metaspace       used 35846K, committed 36160K, reserved 1114112K
  class space    used 4392K, committed 4544K, reserved 1048576K
}
Event: 4.939 GC heap after
{Heap after GC invocations=9 (full 0):
 garbage-first heap   total 69632K, used 20058K [0x0000000700000000, 0x0000000800000000)
  region size 2048K, 2 young (4096K), 2 survivors (4096K)
 Metaspace       used 35846K, committed 36160K, reserved 1114112K
  class space    used 4392K, committed 4544K, reserved 1048576K
}
Event: 6.060 GC heap before
{Heap before GC invocations=10 (full 0):
 garbage-first heap   total 69632K, used 46682K [0x0000000700000000, 0x0000000800000000)
  region size 2048K, 16 young (32768K), 2 survivors (4096K)
 Metaspace       used 41170K, committed 41600K, reserved 1114112K
  class space    used 5102K, committed 5312K, reserved 1048576K
}
Event: 6.073 GC heap after
{Heap after GC invocations=11 (full 0):
 garbage-first heap   total 69632K, used 22664K [0x0000000700000000, 0x0000000800000000)
  region size 2048K, 2 young (4096K), 2 survivors (4096K)
 Metaspace       used 41170K, committed 41600K, reserved 1114112K
  class space    used 5102K, committed 5312K, reserved 1048576K
}
Event: 6.155 GC heap before
{Heap before GC invocations=11 (full 0):
 garbage-first heap   total 69632K, used 24712K [0x0000000700000000, 0x0000000800000000)
  region size 2048K, 3 young (6144K), 2 survivors (4096K)
 Metaspace       used 41489K, committed 41984K, reserved 1114112K
  class space    used 5149K, committed 5376K, reserved 1048576K
}
Event: 6.167 GC heap after
{Heap after GC invocations=12 (full 0):
 garbage-first heap   total 102400K, used 22509K [0x0000000700000000, 0x0000000800000000)
  region size 2048K, 1 young (2048K), 1 survivors (2048K)
 Metaspace       used 41489K, committed 41984K, reserved 1114112K
  class space    used 5149K, committed 5376K, reserved 1048576K
}
Event: 7.783 GC heap before
{Heap before GC invocations=12 (full 0):
 garbage-first heap   total 102400K, used 71661K [0x0000000700000000, 0x0000000800000000)
  region size 2048K, 26 young (53248K), 1 survivors (2048K)
 Metaspace       used 51675K, committed 52160K, reserved 1114112K
  class space    used 6577K, committed 6784K, reserved 1048576K
}
Event: 7.797 GC heap after
{Heap after GC invocations=13 (full 0):
 garbage-first heap   total 102400K, used 24704K [0x0000000700000000, 0x0000000800000000)
  region size 2048K, 2 young (4096K), 2 survivors (4096K)
 Metaspace       used 51675K, committed 52160K, reserved 1114112K
  class space    used 6577K, committed 6784K, reserved 1048576K
}
Event: 9.075 GC heap before
{Heap before GC invocations=13 (full 0):
 garbage-first heap   total 102400K, used 63616K [0x0000000700000000, 0x0000000800000000)
  region size 2048K, 22 young (45056K), 2 survivors (4096K)
 Metaspace       used 60027K, committed 60416K, reserved 1114112K
  class space    used 7742K, committed 7936K, reserved 1048576K
}
Event: 9.085 GC heap after
{Heap after GC invocations=14 (full 0):
 garbage-first heap   total 102400K, used 26436K [0x0000000700000000, 0x0000000800000000)
  region size 2048K, 3 young (6144K), 3 survivors (6144K)
 Metaspace       used 60027K, committed 60416K, reserved 1114112K
  class space    used 7742K, committed 7936K, reserved 1048576K
}
Event: 10.908 GC heap before
{Heap before GC invocations=15 (full 0):
 garbage-first heap   total 102400K, used 77636K [0x0000000700000000, 0x0000000800000000)
  region size 2048K, 28 young (57344K), 3 survivors (6144K)
 Metaspace       used 67677K, committed 68224K, reserved 1114112K
  class space    used 8999K, committed 9280K, reserved 1048576K
}
Event: 10.925 GC heap after
{Heap after GC invocations=16 (full 0):
 garbage-first heap   total 102400K, used 28646K [0x0000000700000000, 0x0000000800000000)
  region size 2048K, 2 young (4096K), 2 survivors (4096K)
 Metaspace       used 67677K, committed 68224K, reserved 1114112K
  class space    used 8999K, committed 9280K, reserved 1048576K
}
Event: 11.015 GC heap before
{Heap before GC invocations=16 (full 0):
 garbage-first heap   total 102400K, used 30694K [0x0000000700000000, 0x0000000800000000)
  region size 2048K, 3 young (6144K), 2 survivors (4096K)
 Metaspace       used 68274K, committed 68800K, reserved 1114112K
  class space    used 9085K, committed 9344K, reserved 1048576K
}
Event: 11.029 GC heap after
{Heap after GC invocations=17 (full 0):
 garbage-first heap   total 102400K, used 29042K [0x0000000700000000, 0x0000000800000000)
  region size 2048K, 1 young (2048K), 1 survivors (2048K)
 Metaspace       used 68274K, committed 68800K, reserved 1114112K
  class space    used 9085K, committed 9344K, reserved 1048576K
}
Event: 12.527 GC heap before
{Heap before GC invocations=17 (full 0):
 garbage-first heap   total 102400K, used 80242K [0x0000000700000000, 0x0000000800000000)
  region size 2048K, 26 young (53248K), 1 survivors (2048K)
 Metaspace       used 73970K, committed 74432K, reserved 1114112K
  class space    used 9892K, committed 10112K, reserved 1048576K
}
Event: 12.534 GC heap after
{Heap after GC invocations=18 (full 0):
 garbage-first heap   total 102400K, used 32783K [0x0000000700000000, 0x0000000800000000)
  region size 2048K, 3 young (6144K), 3 survivors (6144K)
 Metaspace       used 73970K, committed 74432K, reserved 1114112K
  class space    used 9892K, committed 10112K, reserved 1048576K
}
Event: 13.671 GC heap before
{Heap before GC invocations=18 (full 0):
 garbage-first heap   total 102400K, used 79887K [0x0000000700000000, 0x0000000800000000)
  region size 2048K, 26 young (53248K), 3 survivors (6144K)
 Metaspace       used 81080K, committed 81600K, reserved 1179648K
  class space    used 10846K, committed 11072K, reserved 1048576K
}
Event: 13.679 GC heap after
{Heap after GC invocations=19 (full 0):
 garbage-first heap   total 102400K, used 36469K [0x0000000700000000, 0x0000000800000000)
  region size 2048K, 2 young (4096K), 2 survivors (4096K)
 Metaspace       used 81080K, committed 81600K, reserved 1179648K
  class space    used 10846K, committed 11072K, reserved 1048576K
}

Deoptimization events (20 events):
Event: 13.625 Thread 0x00000178edc81370 DEOPT PACKING pc=0x00000178806c62ec sp=0x00000004951fe550
Event: 13.625 Thread 0x00000178edc81370 DEOPT UNPACKING pc=0x00000178875866e3 sp=0x00000004951fdab8 mode 1
Event: 13.626 Thread 0x00000178edc81370 DEOPT PACKING pc=0x00000178806c62ec sp=0x00000004951fe9a0
Event: 13.626 Thread 0x00000178edc81370 DEOPT UNPACKING pc=0x00000178875866e3 sp=0x00000004951fdef0 mode 1
Event: 13.626 Thread 0x00000178edc81370 DEOPT PACKING pc=0x00000178808d70d4 sp=0x00000004951feab0
Event: 13.626 Thread 0x00000178edc81370 DEOPT UNPACKING pc=0x00000178875866e3 sp=0x00000004951fdf70 mode 1
Event: 13.627 Thread 0x00000178edc81370 DEOPT PACKING pc=0x00000178806c62ec sp=0x00000004951fe9a0
Event: 13.627 Thread 0x00000178edc81370 DEOPT UNPACKING pc=0x00000178875866e3 sp=0x00000004951fdef0 mode 1
Event: 13.627 Thread 0x00000178edc81370 DEOPT PACKING pc=0x00000178808d70d4 sp=0x00000004951feab0
Event: 13.627 Thread 0x00000178edc81370 DEOPT UNPACKING pc=0x00000178875866e3 sp=0x00000004951fdf70 mode 1
Event: 13.627 Thread 0x00000178edc81370 DEOPT PACKING pc=0x00000178806c62ec sp=0x00000004951fe9a0
Event: 13.627 Thread 0x00000178edc81370 DEOPT UNPACKING pc=0x00000178875866e3 sp=0x00000004951fdef0 mode 1
Event: 13.627 Thread 0x00000178edc81370 DEOPT PACKING pc=0x00000178808d70d4 sp=0x00000004951feab0
Event: 13.627 Thread 0x00000178edc81370 DEOPT UNPACKING pc=0x00000178875866e3 sp=0x00000004951fdf70 mode 1
Event: 13.710 Thread 0x00000178edc81370 Uncommon trap: trap_request=0xffffff45 fr.pc=0x0000017887ead444 relative=0x0000000000000124
Event: 13.710 Thread 0x00000178edc81370 Uncommon trap: reason=unstable_if action=reinterpret pc=0x0000017887ead444 method=java.util.ArrayList.indexOfRange(Ljava/lang/Object;II)I @ 7 c2
Event: 13.710 Thread 0x00000178edc81370 DEOPT PACKING pc=0x0000017887ead444 sp=0x00000004951fe9e0
Event: 13.710 Thread 0x00000178edc81370 DEOPT UNPACKING pc=0x0000017887585ba3 sp=0x00000004951fe970 mode 2
Event: 13.719 Thread 0x00000178edc81370 DEOPT PACKING pc=0x0000017880b3b871 sp=0x00000004951feab0
Event: 13.719 Thread 0x00000178edc81370 DEOPT UNPACKING pc=0x00000178875866e3 sp=0x00000004951fdf88 mode 0

Classes unloaded (0 events):
No events

Classes redefined (1 events):
Event: 0.249 Thread 0x00000178ffaf1980 redefined class name=java.lang.Throwable, count=1

Internal exceptions (20 events):
Event: 10.939 Thread 0x00000178edc81370 Exception <a 'java/lang/IncompatibleClassChangeError'{0x000000070fe5ccd8}: Found class java.lang.Object, but interface was expected> (0x000000070fe5ccd8) 
thrown [s\open\src\hotspot\share\interpreter\linkResolver.cpp, line 826]
Event: 11.049 Thread 0x00000178edc81370 Exception <a 'java/lang/NoSuchMethodError'{0x000000070fe86158}: 'java.lang.Object java.lang.invoke.DirectMethodHandle$Holder.invokeStatic(java.lang.Object, int, java.lang.Object)'> (0x000000070fe86158) 
thrown [s\open\src\hotspot\share\interpreter\linkResolver.cpp, line 759]
Event: 11.061 Thread 0x00000178edc81370 Exception <a 'java/lang/reflect/InvocationTargetException'{0x000000070fedd3b8}> (0x000000070fedd3b8) 
thrown [s\open\src\hotspot\share\runtime\reflection.cpp, line 1121]
Event: 11.064 Thread 0x00000178edc81370 Exception <a 'java/lang/reflect/InvocationTargetException'{0x000000070feea288}> (0x000000070feea288) 
thrown [s\open\src\hotspot\share\runtime\reflection.cpp, line 1121]
Event: 11.146 Thread 0x00000178edc81370 Exception <a 'java/lang/NoSuchMethodError'{0x000000070cc083b8}: 'long java.lang.invoke.DirectMethodHandle$Holder.invokeVirtual(java.lang.Object, java.lang.Object)'> (0x000000070cc083b8) 
thrown [s\open\src\hotspot\share\interpreter\linkResolver.cpp, line 759]
Event: 12.053 Thread 0x00000178edc81370 Exception <a 'sun/nio/fs/WindowsException'{0x0000000704126c20}> (0x0000000704126c20) 
thrown [s\open\src\hotspot\share\prims\jni.cpp, line 516]
Event: 12.124 Thread 0x00000178edc81370 Exception <a 'java/lang/IncompatibleClassChangeError'{0x0000000703d0a348}: Found class java.lang.Object, but interface was expected> (0x0000000703d0a348) 
thrown [s\open\src\hotspot\share\interpreter\linkResolver.cpp, line 826]
Event: 12.317 Thread 0x00000178edc81370 Exception <a 'java/lang/NoSuchMethodError'{0x0000000703653430}: 'java.lang.Object java.lang.invoke.DirectMethodHandle$Holder.invokeInterface(java.lang.Object, java.lang.Object, java.lang.Object, java.lang.Object)'> (0x0000000703653430) 
thrown [s\open\src\hotspot\share\interpreter\linkResolver.cpp, line 759]
Event: 12.393 Thread 0x00000178edc81370 Exception <a 'java/lang/NoSuchMethodError'{0x0000000703491808}: 'void java.lang.invoke.DirectMethodHandle$Holder.invokeVirtual(java.lang.Object, java.lang.Object, long)'> (0x0000000703491808) 
thrown [s\open\src\hotspot\share\interpreter\linkResolver.cpp, line 759]
Event: 12.510 Thread 0x00000178edc81370 Implicit null exception at 0x0000017887d244d3 to 0x0000017887d24d24
Event: 12.910 Thread 0x00000178edc81370 Exception <a 'java/lang/NoSuchMethodError'{0x000000070574cd60}: 'java.lang.Object java.lang.invoke.DirectMethodHandle$Holder.invokeStaticInit(java.lang.Object, long)'> (0x000000070574cd60) 
thrown [s\open\src\hotspot\share\interpreter\linkResolver.cpp, line 759]
Event: 13.140 Thread 0x00000178edc81370 Exception <a 'java/lang/IncompatibleClassChangeError'{0x0000000704d95290}: Found class java.lang.Object, but interface was expected> (0x0000000704d95290) 
thrown [s\open\src\hotspot\share\interpreter\linkResolver.cpp, line 826]
Event: 13.158 Thread 0x00000178edc81370 Implicit null exception at 0x0000017887c6eb40 to 0x0000017887c6ed90
Event: 13.531 Thread 0x00000178edc81370 Exception <a 'java/lang/NoSuchMethodError'{0x0000000703ce1658}: 'void java.lang.invoke.DirectMethodHandle$Holder.invokeVirtual(java.lang.Object, java.lang.Object, float)'> (0x0000000703ce1658) 
thrown [s\open\src\hotspot\share\interpreter\linkResolver.cpp, line 759]
Event: 13.571 Thread 0x00000178edc81370 Exception <a 'java/io/FileNotFoundException'{0x0000000703a6f918}> (0x0000000703a6f918) 
thrown [s\open\src\hotspot\share\prims\jni.cpp, line 516]
Event: 13.573 Thread 0x00000178edc81370 Exception <a 'java/io/FileNotFoundException'{0x0000000703a7aa70}> (0x0000000703a7aa70) 
thrown [s\open\src\hotspot\share\prims\jni.cpp, line 516]
Event: 13.651 Thread 0x00000178edc81370 Exception <a 'java/lang/NoSuchMethodError'{0x000000070393a758}: 'java.lang.Object java.lang.invoke.DirectMethodHandle$Holder.newInvokeSpecial(java.lang.Object, java.lang.Object, int, java.lang.Object, java.lang.Object)'> (0x000000070393a758) 
thrown [s\open\src\hotspot\share\interpreter\linkResolver.cpp, line 759]
Event: 13.652 Thread 0x00000178edc81370 Exception <a 'java/lang/NoSuchMethodError'{0x0000000703945cc8}: 'java.lang.Object java.lang.invoke.DirectMethodHandle$Holder.invokeSpecial(java.lang.Object, java.lang.Object, int, java.lang.Object, int, java.lang.Object)'> (0x0000000703945cc8) 
thrown [s\open\src\hotspot\share\interpreter\linkResolver.cpp, line 759]
Event: 13.653 Thread 0x00000178edc81370 Exception <a 'java/lang/NoSuchMethodError'{0x000000070394d9e8}: 'java.lang.Object java.lang.invoke.DirectMethodHandle$Holder.newInvokeSpecial(java.lang.Object, java.lang.Object, int, java.lang.Object, int)'> (0x000000070394d9e8) 
thrown [s\open\src\hotspot\share\interpreter\linkResolver.cpp, line 759]
Event: 13.654 Thread 0x00000178edc81370 Exception <a 'java/lang/NoSuchMethodError'{0x0000000703951af0}: 'java.lang.Object java.lang.invoke.DirectMethodHandle$Holder.invokeSpecial(java.lang.Object, java.lang.Object, java.lang.Object, int, java.lang.Object, int)'> (0x0000000703951af0) 
thrown [s\open\src\hotspot\share\interpreter\linkResolver.cpp, line 759]

VM Operations (20 events):
Event: 11.937 Executing VM operation: HandshakeAllThreads
Event: 11.937 Executing VM operation: HandshakeAllThreads done
Event: 11.962 Executing VM operation: ICBufferFull
Event: 11.962 Executing VM operation: ICBufferFull done
Event: 12.426 Executing VM operation: HandshakeAllThreads
Event: 12.426 Executing VM operation: HandshakeAllThreads done
Event: 12.527 Executing VM operation: G1CollectForAllocation
Event: 12.534 Executing VM operation: G1CollectForAllocation done
Event: 12.748 Executing VM operation: HandshakeAllThreads
Event: 12.748 Executing VM operation: HandshakeAllThreads done
Event: 12.824 Executing VM operation: HandshakeAllThreads
Event: 12.824 Executing VM operation: HandshakeAllThreads done
Event: 12.844 Executing VM operation: HandshakeAllThreads
Event: 12.844 Executing VM operation: HandshakeAllThreads done
Event: 12.845 Executing VM operation: HandshakeAllThreads
Event: 12.845 Executing VM operation: HandshakeAllThreads done
Event: 12.906 Executing VM operation: HandshakeAllThreads
Event: 12.906 Executing VM operation: HandshakeAllThreads done
Event: 13.670 Executing VM operation: G1CollectForAllocation
Event: 13.679 Executing VM operation: G1CollectForAllocation done

Events (20 events):
Event: 13.729 loading class org/springframework/boot/Runner done
Event: 13.730 loading class org/springframework/boot/SpringApplication$FactoryAwareOrderSourceProvider
Event: 13.730 loading class org/springframework/boot/SpringApplication$FactoryAwareOrderSourceProvider done
Event: 13.731 loading class java/util/IdentityHashMap$KeySpliterator
Event: 13.731 loading class java/util/IdentityHashMap$IdentityHashMapSpliterator
Event: 13.731 loading class java/util/IdentityHashMap$IdentityHashMapSpliterator done
Event: 13.731 loading class java/util/IdentityHashMap$KeySpliterator done
Event: 13.731 loading class org/springframework/boot/SpringApplication
Event: 13.731 loading class org/springframework/boot/SpringApplication done
Event: 13.731 loading class org/springframework/boot/ApplicationArguments
Event: 13.731 loading class org/springframework/boot/ApplicationArguments done
Event: 13.731 loading class org/springframework/boot/Runner
Event: 13.731 loading class org/springframework/boot/Runner done
Event: 13.732 loading class org/springframework/context/ConfigurableApplicationContext
Event: 13.732 loading class org/springframework/context/ConfigurableApplicationContext done
Event: 13.732 loading class org/springframework/context/ConfigurableApplicationContext
Event: 13.732 loading class org/springframework/context/ConfigurableApplicationContext done
Event: 13.733 Thread 0x00000178edc81370 Thread exited: 0x00000178edc81370
Event: 13.733 Thread 0x00000178e1d46390 Thread added: 0x00000178e1d46390
Event: 13.853 Thread 0x00000178dbdd9b90 Thread exited: 0x00000178dbdd9b90


Dynamic libraries:
0x00007ff62d8c0000 - 0x00007ff62d8d0000 	C:\Program Files\Java\jdk-17\bin\java.exe
0x00007ffdecd50000 - 0x00007ffdecf48000 	C:\Windows\SYSTEM32\ntdll.dll
0x00007ffdec3f0000 - 0x00007ffdec4b2000 	C:\Windows\System32\KERNEL32.DLL
0x00007ffdea950000 - 0x00007ffdeac46000 	C:\Windows\System32\KERNELBASE.dll
0x00007ffdea530000 - 0x00007ffdea630000 	C:\Windows\System32\ucrtbase.dll
0x00007ffde5050000 - 0x00007ffde5069000 	C:\Program Files\Java\jdk-17\bin\jli.dll
0x00007ffdec4f0000 - 0x00007ffdec59f000 	C:\Windows\System32\ADVAPI32.dll
0x00007ffde4fc0000 - 0x00007ffde4fdb000 	C:\Program Files\Java\jdk-17\bin\VCRUNTIME140.dll
0x00007ffdeb830000 - 0x00007ffdeb8ce000 	C:\Windows\System32\msvcrt.dll
0x00007ffdebc40000 - 0x00007ffdebcdf000 	C:\Windows\System32\sechost.dll
0x00007ffdeaeb0000 - 0x00007ffdeafd3000 	C:\Windows\System32\RPCRT4.dll
0x00007ffdea770000 - 0x00007ffdea797000 	C:\Windows\System32\bcrypt.dll
0x00007ffdeb960000 - 0x00007ffdebafd000 	C:\Windows\System32\USER32.dll
0x00007ffdea480000 - 0x00007ffdea4a2000 	C:\Windows\System32\win32u.dll
0x00007ffdcf190000 - 0x00007ffdcf42a000 	C:\Windows\WinSxS\amd64_microsoft.windows.common-controls_6595b64144ccf1df_6.0.19041.4355_none_60b8b9eb71f62e16\COMCTL32.dll
0x00007ffdebf40000 - 0x00007ffdebf6b000 	C:\Windows\System32\GDI32.dll
0x00007ffdeac50000 - 0x00007ffdead6a000 	C:\Windows\System32\gdi32full.dll
0x00007ffdea3e0000 - 0x00007ffdea47d000 	C:\Windows\System32\msvcp_win.dll
0x00007ffde0c60000 - 0x00007ffde0c6a000 	C:\Windows\SYSTEM32\VERSION.dll
0x00007ffdec4c0000 - 0x00007ffdec4ef000 	C:\Windows\System32\IMM32.DLL
0x00007ffde4f10000 - 0x00007ffde4f1c000 	C:\Program Files\Java\jdk-17\bin\vcruntime140_1.dll
0x00007ffde0780000 - 0x00007ffde080e000 	C:\Program Files\Java\jdk-17\bin\msvcp140.dll
0x00007ffdc1b90000 - 0x00007ffdc2771000 	C:\Program Files\Java\jdk-17\bin\server\jvm.dll
0x00007ffdeb0c0000 - 0x00007ffdeb0c8000 	C:\Windows\System32\PSAPI.DLL
0x00007ffdd9be0000 - 0x00007ffdd9be9000 	C:\Windows\SYSTEM32\WSOCK32.dll
0x00007ffdebb60000 - 0x00007ffdebbcb000 	C:\Windows\System32\WS2_32.dll
0x00007ffdd3b00000 - 0x00007ffdd3b27000 	C:\Windows\SYSTEM32\WINMM.dll
0x00007ffde8240000 - 0x00007ffde8252000 	C:\Windows\SYSTEM32\kernel.appcore.dll
0x00007ffde4f00000 - 0x00007ffde4f0a000 	C:\Program Files\Java\jdk-17\bin\jimage.dll
0x00007ffde20a0000 - 0x00007ffde2284000 	C:\Windows\SYSTEM32\DBGHELP.DLL
0x00007ffde2030000 - 0x00007ffde2064000 	C:\Windows\SYSTEM32\dbgcore.DLL
0x00007ffdea6e0000 - 0x00007ffdea762000 	C:\Windows\System32\bcryptPrimitives.dll
0x00007ffdd4510000 - 0x00007ffdd454b000 	C:\Program Files\Java\jdk-17\bin\jdwp.dll
0x00007ffde3be0000 - 0x00007ffde3bee000 	C:\Program Files\Java\jdk-17\bin\instrument.dll
0x00007ffde0750000 - 0x00007ffde0775000 	C:\Program Files\Java\jdk-17\bin\java.dll
0x00007ffdd4de0000 - 0x00007ffdd4df8000 	C:\Program Files\Java\jdk-17\bin\zip.dll
0x00007ffdd4f40000 - 0x00007ffdd5017000 	C:\Program Files\Java\jdk-17\bin\jsvml.dll
0x00007ffdec5a0000 - 0x00007ffdecd0f000 	C:\Windows\System32\SHELL32.dll
0x00007ffde8440000 - 0x00007ffde8be3000 	C:\Windows\SYSTEM32\windows.storage.dll
0x00007ffdebf70000 - 0x00007ffdec2c5000 	C:\Windows\System32\combase.dll
0x00007ffde9c60000 - 0x00007ffde9c8b000 	C:\Windows\SYSTEM32\Wldp.dll
0x00007ffdeb0d0000 - 0x00007ffdeb19d000 	C:\Windows\System32\OLEAUT32.dll
0x00007ffdebce0000 - 0x00007ffdebd8d000 	C:\Windows\System32\SHCORE.dll
0x00007ffdec390000 - 0x00007ffdec3e5000 	C:\Windows\System32\shlwapi.dll
0x00007ffdea310000 - 0x00007ffdea335000 	C:\Windows\SYSTEM32\profapi.dll
0x00007ffddcd80000 - 0x00007ffddcd8c000 	C:\Program Files\Java\jdk-17\bin\dt_socket.dll
0x00007ffde9740000 - 0x00007ffde977b000 	C:\Windows\SYSTEM32\IPHLPAPI.DLL
0x00007ffde9a40000 - 0x00007ffde9aac000 	C:\Windows\system32\mswsock.dll
0x00007ffde0630000 - 0x00007ffde0649000 	C:\Program Files\Java\jdk-17\bin\net.dll
0x00007ffde4a80000 - 0x00007ffde4b8a000 	C:\Windows\SYSTEM32\WINHTTP.dll
0x00007ffdd5080000 - 0x00007ffdd5096000 	C:\Program Files\Java\jdk-17\bin\nio.dll
0x00007ffde3bd0000 - 0x00007ffde3bde000 	C:\Program Files\Java\jdk-17\bin\sunmscapi.dll
0x00007ffdea7a0000 - 0x00007ffdea8fd000 	C:\Windows\System32\CRYPT32.dll
0x00007ffde9d30000 - 0x00007ffde9d57000 	C:\Windows\SYSTEM32\ncrypt.dll
0x00007ffde9ce0000 - 0x00007ffde9d1b000 	C:\Windows\SYSTEM32\NTASN1.dll
0x00007ffde08b0000 - 0x00007ffde08c0000 	C:\Program Files\Java\jdk-17\bin\verify.dll
0x00007ffde9ca0000 - 0x00007ffde9cb8000 	C:\Windows\SYSTEM32\CRYPTSP.dll
0x00007ffde9380000 - 0x00007ffde93b8000 	C:\Windows\system32\rsaenh.dll
0x00007ffdea2d0000 - 0x00007ffdea2fe000 	C:\Windows\SYSTEM32\USERENV.dll
0x00007ffde9bd0000 - 0x00007ffde9bdc000 	C:\Windows\SYSTEM32\CRYPTBASE.dll
0x00007ffdec2d0000 - 0x00007ffdec2d8000 	C:\Windows\System32\NSI.dll
0x00007ffde4bb0000 - 0x00007ffde4bc7000 	C:\Windows\SYSTEM32\dhcpcsvc6.DLL
0x00007ffde4b90000 - 0x00007ffde4bad000 	C:\Windows\SYSTEM32\dhcpcsvc.DLL
0x00007ffde9780000 - 0x00007ffde984a000 	C:\Windows\SYSTEM32\DNSAPI.dll
0x00007ffde3b70000 - 0x00007ffde3b7a000 	C:\Program Files\Java\jdk-17\bin\management.dll
0x00007ffde0de0000 - 0x00007ffde0deb000 	C:\Program Files\Java\jdk-17\bin\management_ext.dll
0x00007ffddf9e0000 - 0x00007ffddf9ea000 	C:\Windows\System32\rasadhlp.dll
0x00007ffde3660000 - 0x00007ffde36e0000 	C:\Windows\System32\fwpuclnt.dll
0x00007ffd9eb30000 - 0x00007ffd9eb37000 	C:\Windows\system32\wshunix.dll

dbghelp: loaded successfully - version: 4.0.5 - missing functions: none
symbol engine: initialized successfully - sym options: 0x614 - pdb path: .;C:\Program Files\Java\jdk-17\bin;C:\Windows\SYSTEM32;C:\Windows\WinSxS\amd64_microsoft.windows.common-controls_6595b64144ccf1df_6.0.19041.4355_none_60b8b9eb71f62e16;C:\Program Files\Java\jdk-17\bin\server

VM Arguments:
jvm_args: -agentlib:jdwp=transport=dt_socket,address=127.0.0.1:58183,suspend=y,server=n -javaagent:C:\Users\dat-acc\AppData\Local\JetBrains\IdeaIC2024.3\captureAgent\debugger-agent.jar -Dkotlinx.coroutines.debug.enable.creation.stack.trace=false -Ddebugger.agent.enable.coroutines=true -Dkotlinx.coroutines.debug.enable.flows.stack.trace=true -Dkotlinx.coroutines.debug.enable.mutable.state.flows.stack.trace=true -Dfile.encoding=UTF-8 
java_command: vn.dathocjava.dathocjava_sample.DathocjavaSampleApplication
java_class_path (initial): C:\Users\dat-acc\Desktop\expense-tracker_backend\target\classes;C:\Users\dat-acc\.m2\repository\org\springframework\boot\spring-boot-starter-mail\3.2.4\spring-boot-starter-mail-3.2.4.jar;C:\Users\dat-acc\.m2\repository\org\springframework\boot\spring-boot-starter\3.2.4\spring-boot-starter-3.2.4.jar;C:\Users\dat-acc\.m2\repository\org\springframework\boot\spring-boot\3.2.4\spring-boot-3.2.4.jar;C:\Users\dat-acc\.m2\repository\org\springframework\boot\spring-boot-autoconfigure\3.2.4\spring-boot-autoconfigure-3.2.4.jar;C:\Users\dat-acc\.m2\repository\org\springframework\boot\spring-boot-starter-logging\3.2.4\spring-boot-starter-logging-3.2.4.jar;C:\Users\dat-acc\.m2\repository\ch\qos\logback\logback-classic\1.4.14\logback-classic-1.4.14.jar;C:\Users\dat-acc\.m2\repository\ch\qos\logback\logback-core\1.4.14\logback-core-1.4.14.jar;C:\Users\dat-acc\.m2\repository\org\apache\logging\log4j\log4j-to-slf4j\2.21.1\log4j-to-slf4j-2.21.1.jar;C:\Users\dat-acc\.m2\repository\org\apache\logging\log4j\log4j-api\2.21.1\log4j-api-2.21.1.jar;C:\Users\dat-acc\.m2\repository\org\slf4j\jul-to-slf4j\2.0.12\jul-to-slf4j-2.0.12.jar;C:\Users\dat-acc\.m2\repository\jakarta\annotation\jakarta.annotation-api\2.1.1\jakarta.annotation-api-2.1.1.jar;C:\Users\dat-acc\.m2\repository\org\yaml\snakeyaml\2.2\snakeyaml-2.2.jar;C:\Users\dat-acc\.m2\repository\org\springframework\spring-context-support\6.1.5\spring-context-support-6.1.5.jar;C:\Users\dat-acc\.m2\repository\org\springframework\spring-beans\6.1.5\spring-beans-6.1.5.jar;C:\Users\dat-acc\.m2\repository\org\eclipse\angus\jakarta.mail\2.0.3\jakarta.mail-2.0.3.jar;C:\Users\dat-acc\.m2\repository\jakarta\activation\jakarta.activation-api\2.1.3\jakarta.activation-api-2.1.3.jar;C:\Users\dat-acc\.m2\repository\org\eclipse\angus\angus-activation\2.0.2\angus-activation-2.0.2.jar;C:\Users\dat-acc\.m2\repository\org\springframework\boot\spring-boot-starter-thymeleaf\3.2.4\spring-boot-starter-thymeleaf-3.2.4.jar;C:\Users\dat-a
Launcher Type: SUN_STANDARD

[Global flags]
     intx CICompilerCount                          = 4                                         {product} {ergonomic}
     uint ConcGCThreads                            = 2                                         {product} {ergonomic}
     uint G1ConcRefinementThreads                  = 8                                         {product} {ergonomic}
   size_t G1HeapRegionSize                         = 2097152                                   {product} {ergonomic}
    uintx GCDrainStackTargetSize                   = 64                                        {product} {ergonomic}
   size_t InitialHeapSize                          = 268435456                                 {product} {ergonomic}
   size_t MarkStackSize                            = 4194304                                   {product} {ergonomic}
   size_t MaxHeapSize                              = 4294967296                                {product} {ergonomic}
   size_t MaxNewSize                               = 2575302656                                {product} {ergonomic}
   size_t MinHeapDeltaBytes                        = 2097152                                   {product} {ergonomic}
   size_t MinHeapSize                              = 8388608                                   {product} {ergonomic}
    uintx NonNMethodCodeHeapSize                   = 5839372                                {pd product} {ergonomic}
    uintx NonProfiledCodeHeapSize                  = 122909434                              {pd product} {ergonomic}
    uintx ProfiledCodeHeapSize                     = 122909434                              {pd product} {ergonomic}
    uintx ReservedCodeCacheSize                    = 251658240                              {pd product} {ergonomic}
     bool SegmentedCodeCache                       = true                                      {product} {ergonomic}
   size_t SoftMaxHeapSize                          = 4294967296                             {manageable} {ergonomic}
     bool UseCompressedClassPointers               = true                           {product lp64_product} {ergonomic}
     bool UseCompressedOops                        = true                           {product lp64_product} {ergonomic}
     bool UseG1GC                                  = true                                      {product} {ergonomic}
     bool UseLargePagesIndividualAllocation        = false                                  {pd product} {ergonomic}

Logging:
Log output configuration:
 #0: stdout all=warning uptime,level,tags
 #1: stderr all=off uptime,level,tags

Environment Variables:
JAVA_HOME=C:\Program Files\Java\jdk-17
PATH=D:\python\Scripts\;D:\python\;C:\Python313\Scripts\;C:\Python313\;C:\Windows\system32;C:\Windows;C:\Windows\System32\Wbem;C:\Windows\System32\WindowsPowerShell\v1.0\;C:\Windows\System32\OpenSSH\;C:\Users\dat-acc\Desktop\cong cu\apache-maven-3.9.9\bin;C:\Program Files\Docker\Docker\resources\bin;C:\Program Files\Java\jdk-17\bin;C:\Users\dat-acc\;C:\ProgramData\chocolatey\bin;C:\Program Files\Java\jdk-17\bin;C:\Users\dat-acc\Desktop\Work\Git\cmd;C:\Users\dat-acc\AppData\Local\Microsoft\WindowsApps;C:\Users\dat-acc\AppData\Local\Programs\Microsoft VS Code\bin;C:\Users\dat-acc\IntelliJ IDEA Community Edition 2024.3\bin;C:\Users\dat-acc\Desktop\cong cu\apache-maven-3.9.9\bin;;C:\Users\dat-acc\Desktop\cong cu\apache-maven-3.9.9\bin;C:\Users\dat-acc\AppData\Roaming\npm;;D:\PyCharm Community Edition 2024.3.4\bin;
USERNAME=dat-acc
OS=Windows_NT
PROCESSOR_IDENTIFIER=Intel64 Family 6 Model 85 Stepping 7, GenuineIntel



---------------  S Y S T E M  ---------------

OS:
 Windows 10 , 64 bit Build 19041 (10.0.19041.5678)
OS uptime: 7 days 11:24 hours
Hyper-V role detected

CPU: total 8 (initial active 8) (4 cores per cpu, 2 threads per core) family 6 model 85 stepping 7 microcode 0xffffffff, cx8, cmov, fxsr, ht, mmx, 3dnowpref, sse, sse2, sse3, ssse3, sse4.1, sse4.2, popcnt, lzcnt, tsc, avx, avx2, aes, erms, clmul, bmi1, bmi2, rtm, adx, avx512f, avx512dq, avx512cd, avx512bw, avx512vl, fma, vzeroupper, clflush, clflushopt, hv

Memory: 4k page, system-wide physical 16382M (725M free)
TotalPageFile size 24574M (AvailPageFile size 6M)
current process WorkingSet (physical memory assigned to process): 447M, peak: 451M
current process commit charge ("private bytes"): 489M, peak: 492M

vm_info: Java HotSpot(TM) 64-Bit Server VM (17.0.14+8-LTS-191) for windows-amd64 JRE (17.0.14+8-LTS-191), built on Dec  3 2024 11:07:59 by "mach5one" with MS VC++ 17.6 (VS2022)

END.
