#
# There is insufficient memory for the Java Runtime Environment to continue.
# Native memory allocation (malloc) failed to allocate 3608192 bytes for Chunk::new
# Possible reasons:
#   The system is out of physical RAM or swap space
#   The process is running with CompressedOops enabled, and the Java Heap may be blocking the growth of the native heap
# Possible solutions:
#   Reduce memory load on the system
#   Increase physical memory or swap space
#   Check if swap backing store is full
#   Decrease Java heap size (-Xmx/-Xms)
#   Decrease number of Java threads
#   Decrease Java thread stack sizes (-Xss)
#   Set larger code cache with -XX:ReservedCodeCacheSize=
#   JVM is running with Zero Based Compressed Oops mode in which the Java heap is
#     placed in the first 32GB address space. The Java Heap base address is the
#     maximum limit for the native heap growth. Please use -XX:HeapBaseMinAddress
#     to set the Java Heap base and to place the Java Heap above 32GB virtual address.
# This output file may be truncated or incomplete.
#
#  Out of Memory Error (arena.cpp:189), pid=19188, tid=10076
#
# JRE version: Java(TM) SE Runtime Environment (17.0.14+8) (build 17.0.14+8-LTS-191)
# Java VM: Java HotSpot(TM) 64-Bit Server VM (17.0.14+8-LTS-191, mixed mode, sharing, tiered, compressed oops, compressed class ptrs, g1 gc, windows-amd64)
# No core dump will be written. Minidumps are not enabled by default on client versions of Windows
#

---------------  S U M M A R Y ------------

Command Line: -agentlib:jdwp=transport=dt_socket,address=127.0.0.1:58113,suspend=y,server=n -javaagent:C:\Users\dat-acc\AppData\Local\JetBrains\IdeaIC2024.3\captureAgent\debugger-agent.jar -Dkotlinx.coroutines.debug.enable.creation.stack.trace=false -Ddebugger.agent.enable.coroutines=true -Dkotlinx.coroutines.debug.enable.flows.stack.trace=true -Dkotlinx.coroutines.debug.enable.mutable.state.flows.stack.trace=true -Dfile.encoding=UTF-8 vn.dathocjava.dathocjava_sample.DathocjavaSampleApplication

Host: Intel(R) Xeon(R) Platinum 8272CL CPU @ 2.60GHz, 8 cores, 15G,  Windows 10 , 64 bit Build 19041 (10.0.19041.5678)
Time: Thu May  1 14:35:11 2025 Coordinated Universal Time elapsed time: 13.192908 seconds (0d 0h 0m 13s)

---------------  T H R E A D  ---------------

Current thread (0x00000276c2819fa0):  JavaThread "C2 CompilerThread0" daemon [_thread_in_native, id=10076, stack(0x0000008b6c400000,0x0000008b6c500000)]


Current CompileTask:
C2:  13192 6083   !   4       org.springframework.util.ReflectionUtils::doWithMethods (186 bytes)

Stack: [0x0000008b6c400000,0x0000008b6c500000]
Native frames: (J=compiled Java code, j=interpreted, Vv=VM code, C=native code)
V  [jvm.dll+0x67a38a]
V  [jvm.dll+0x7da7ed]
V  [jvm.dll+0x7dc133]
V  [jvm.dll+0x7dc7a3]
V  [jvm.dll+0x24517f]
V  [jvm.dll+0xab773]
V  [jvm.dll+0xabd3c]
V  [jvm.dll+0x361e4e]
V  [jvm.dll+0x1ba47a]
V  [jvm.dll+0x216a97]
V  [jvm.dll+0x215d6f]
V  [jvm.dll+0x1a2950]
V  [jvm.dll+0x22620b]
V  [jvm.dll+0x2243ab]
V  [jvm.dll+0x790bbc]
V  [jvm.dll+0x78b04a]
V  [jvm.dll+0x679275]
C  [ucrtbase.dll+0x21bb2]
C  [KERNEL32.DLL+0x17374]
C  [ntdll.dll+0x4cc91]


---------------  P R O C E S S  ---------------

Threads class SMR info:
_java_thread_list=0x0000027711a6cfc0, length=36, elements={
0x00000276c28018e0, 0x00000276c28022a0, 0x00000276c2814620, 0x00000276c2814fe0,
0x00000276c2818150, 0x00000276c2818b10, 0x00000276c2819fa0, 0x00000276c2929620,
0x00000276c281c420, 0x00000276c2a24540, 0x00000276c2af52e0, 0x00000276c2ba0e00,
0x00000276c2bc7d40, 0x00000276c2bc6bd0, 0x0000027708056b60, 0x000002770ae07740,
0x000002770a1a5b20, 0x000002770e63d4d0, 0x0000027713158f00, 0x00000277138d81e0,
0x00000277138daf70, 0x00000277138d8c00, 0x000002771367d4a0, 0x000002771367e8e0,
0x000002771367f300, 0x0000027713680230, 0x0000027713680c50, 0x0000027713681160,
0x00000277138da550, 0x0000027711a026d0, 0x0000027713eb9140, 0x0000027713eba580,
0x0000027713eb8c30, 0x0000027713eb9b60, 0x0000027713eb8210, 0x0000027713ebafa0
}

Java Threads: ( => current thread )
  0x00000276c28018e0 JavaThread "Reference Handler" daemon [_thread_blocked, id=11228, stack(0x0000008b6be00000,0x0000008b6bf00000)]
  0x00000276c28022a0 JavaThread "Finalizer" daemon [_thread_blocked, id=16284, stack(0x0000008b6bf00000,0x0000008b6c000000)]
  0x00000276c2814620 JavaThread "Signal Dispatcher" daemon [_thread_blocked, id=4780, stack(0x0000008b6c000000,0x0000008b6c100000)]
  0x00000276c2814fe0 JavaThread "Attach Listener" daemon [_thread_blocked, id=12224, stack(0x0000008b6c100000,0x0000008b6c200000)]
  0x00000276c2818150 JavaThread "Service Thread" daemon [_thread_blocked, id=6160, stack(0x0000008b6c200000,0x0000008b6c300000)]
  0x00000276c2818b10 JavaThread "Monitor Deflation Thread" daemon [_thread_blocked, id=13208, stack(0x0000008b6c300000,0x0000008b6c400000)]
=>0x00000276c2819fa0 JavaThread "C2 CompilerThread0" daemon [_thread_in_native, id=10076, stack(0x0000008b6c400000,0x0000008b6c500000)]
  0x00000276c2929620 JavaThread "C1 CompilerThread0" daemon [_thread_blocked, id=6392, stack(0x0000008b6c500000,0x0000008b6c600000)]
  0x00000276c281c420 JavaThread "Sweeper thread" daemon [_thread_blocked, id=6448, stack(0x0000008b6c600000,0x0000008b6c700000)]
  0x00000276c2a24540 JavaThread "Common-Cleaner" daemon [_thread_blocked, id=9016, stack(0x0000008b6c700000,0x0000008b6c800000)]
  0x00000276c2af52e0 JavaThread "JDWP Transport Listener: dt_socket" daemon [_thread_blocked, id=4684, stack(0x0000008b6c800000,0x0000008b6c900000)]
  0x00000276c2ba0e00 JavaThread "JDWP Event Helper Thread" daemon [_thread_blocked, id=16408, stack(0x0000008b6c900000,0x0000008b6ca00000)]
  0x00000276c2bc7d40 JavaThread "JDWP Command Reader" daemon [_thread_in_native, id=18200, stack(0x0000008b6ca00000,0x0000008b6cb00000)]
  0x00000276c2bc6bd0 JavaThread "Notification Thread" daemon [_thread_blocked, id=18528, stack(0x0000008b6cb00000,0x0000008b6cc00000)]
  0x0000027708056b60 JavaThread "C2 CompilerThread1" daemon [_thread_in_native, id=15956, stack(0x0000008b6cd00000,0x0000008b6ce00000)]
  0x000002770ae07740 JavaThread "PostgreSQL-JDBC-Cleaner" daemon [_thread_blocked, id=10920, stack(0x0000008b6d700000,0x0000008b6d800000)]
  0x000002770a1a5b20 JavaThread "HikariPool-1 housekeeper" daemon [_thread_blocked, id=5628, stack(0x0000008b6d900000,0x0000008b6da00000)]
  0x000002770e63d4d0 JavaThread "HikariPool-1 connection adder" daemon [_thread_blocked, id=19232, stack(0x0000008b6da00000,0x0000008b6db00000)]
  0x0000027713158f00 JavaThread "C2 CompilerThread2" daemon [_thread_in_native, id=10152, stack(0x0000008b6ce00000,0x0000008b6cf00000)]
  0x00000277138d81e0 JavaThread "Catalina-utility-1" [_thread_blocked, id=19120, stack(0x0000008b6db00000,0x0000008b6dc00000)]
  0x00000277138daf70 JavaThread "Catalina-utility-2" [_thread_blocked, id=1356, stack(0x0000008b6dc00000,0x0000008b6dd00000)]
  0x00000277138d8c00 JavaThread "container-0" [_thread_blocked, id=7636, stack(0x0000008b6dd00000,0x0000008b6de00000)]
  0x000002771367d4a0 JavaThread "lettuce-timer-3-1" daemon [_thread_blocked, id=508, stack(0x0000008b6de00000,0x0000008b6df00000)]
  0x000002771367e8e0 JavaThread "http-nio-8084-exec-1" daemon [_thread_blocked, id=15168, stack(0x0000008b6df00000,0x0000008b6e000000)]
  0x000002771367f300 JavaThread "http-nio-8084-exec-2" daemon [_thread_blocked, id=12908, stack(0x0000008b6e000000,0x0000008b6e100000)]
  0x0000027713680230 JavaThread "http-nio-8084-exec-3" daemon [_thread_blocked, id=15944, stack(0x0000008b6e100000,0x0000008b6e200000)]
  0x0000027713680c50 JavaThread "http-nio-8084-exec-4" daemon [_thread_blocked, id=18740, stack(0x0000008b6e200000,0x0000008b6e300000)]
  0x0000027713681160 JavaThread "http-nio-8084-exec-5" daemon [_thread_blocked, id=11732, stack(0x0000008b6e300000,0x0000008b6e400000)]
  0x00000277138da550 JavaThread "http-nio-8084-exec-6" daemon [_thread_blocked, id=11896, stack(0x0000008b6e400000,0x0000008b6e500000)]
  0x0000027711a026d0 JavaThread "http-nio-8084-exec-7" daemon [_thread_blocked, id=17308, stack(0x0000008b6e500000,0x0000008b6e600000)]
  0x0000027713eb9140 JavaThread "http-nio-8084-exec-8" daemon [_thread_blocked, id=17228, stack(0x0000008b6e600000,0x0000008b6e700000)]
  0x0000027713eba580 JavaThread "http-nio-8084-exec-9" daemon [_thread_blocked, id=3412, stack(0x0000008b6e700000,0x0000008b6e800000)]
  0x0000027713eb8c30 JavaThread "http-nio-8084-exec-10" daemon [_thread_blocked, id=11688, stack(0x0000008b6e800000,0x0000008b6e900000)]
  0x0000027713eb9b60 JavaThread "http-nio-8084-Poller" daemon [_thread_in_native, id=10584, stack(0x0000008b6e900000,0x0000008b6ea00000)]
  0x0000027713eb8210 JavaThread "http-nio-8084-Acceptor" daemon [_thread_in_native, id=15988, stack(0x0000008b6ea00000,0x0000008b6eb00000)]
  0x0000027713ebafa0 JavaThread "DestroyJavaVM" [_thread_blocked, id=15992, stack(0x0000008b6b700000,0x0000008b6b800000)]

Other Threads:
  0x00000276c27fb780 VMThread "VM Thread" [stack: 0x0000008b6bd00000,0x0000008b6be00000] [id=18136]
  0x000002769fa28f10 WatcherThread [stack: 0x0000008b6cc00000,0x0000008b6cd00000] [id=8272]
  0x000002769fa0afa0 GCTaskThread "GC Thread#0" [stack: 0x0000008b6b800000,0x0000008b6b900000] [id=13052]
  0x0000027708d297c0 GCTaskThread "GC Thread#1" [stack: 0x0000008b6cf00000,0x0000008b6d000000] [id=13152]
  0x0000027708a5d280 GCTaskThread "GC Thread#2" [stack: 0x0000008b6d000000,0x0000008b6d100000] [id=16228]
  0x0000027708c07940 GCTaskThread "GC Thread#3" [stack: 0x0000008b6d100000,0x0000008b6d200000] [id=8808]
  0x0000027708cb12f0 GCTaskThread "GC Thread#4" [stack: 0x0000008b6d200000,0x0000008b6d300000] [id=19140]
  0x0000027708cb15b0 GCTaskThread "GC Thread#5" [stack: 0x0000008b6d300000,0x0000008b6d400000] [id=11724]
  0x0000027708db1150 GCTaskThread "GC Thread#6" [stack: 0x0000008b6d400000,0x0000008b6d500000] [id=14756]
  0x0000027708d38da0 GCTaskThread "GC Thread#7" [stack: 0x0000008b6d500000,0x0000008b6d600000] [id=3708]
  0x000002769fa1bdf0 ConcurrentGCThread "G1 Main Marker" [stack: 0x0000008b6b900000,0x0000008b6ba00000] [id=14824]
  0x000002769fa1c700 ConcurrentGCThread "G1 Conc#0" [stack: 0x0000008b6ba00000,0x0000008b6bb00000] [id=3096]
  0x00000277090221e0 ConcurrentGCThread "G1 Conc#1" [stack: 0x0000008b6d800000,0x0000008b6d900000] [id=16100]
  0x000002769fa5e870 ConcurrentGCThread "G1 Refine#0" [stack: 0x0000008b6bb00000,0x0000008b6bc00000] [id=14912]
  0x00000276c26b7360 ConcurrentGCThread "G1 Service" [stack: 0x0000008b6bc00000,0x0000008b6bd00000] [id=19136]

Threads with active compile tasks:
C2 CompilerThread0    13213 6083   !   4       org.springframework.util.ReflectionUtils::doWithMethods (186 bytes)
C2 CompilerThread1    13213 6040       4       org.springframework.core.BridgeMethodResolver::resolveBridgeMethod (165 bytes)
C2 CompilerThread2    13213 6100   !   4       org.springframework.core.annotation.AnnotationsScanner::processClassHierarchy (234 bytes)

VM state: not at safepoint (normal execution)

VM Mutex/Monitor currently owned by a thread: None

Heap address: 0x0000000700000000, size: 4096 MB, Compressed Oops mode: Zero based, Oop shift amount: 3

CDS archive(s) mapped at: [0x00000276c3000000-0x00000276c3bd0000-0x00000276c3bd0000), size 12386304, SharedBaseAddress: 0x00000276c3000000, ArchiveRelocationMode: 1.
Compressed class space mapped at: 0x00000276c4000000-0x0000027704000000, reserved size: 1073741824
Narrow klass base: 0x00000276c3000000, Narrow klass shift: 0, Narrow klass range: 0x100000000

GC Precious Log:
 CPUs: 8 total, 8 available
 Memory: 16382M
 Large Page Support: Disabled
 NUMA Support: Disabled
 Compressed Oops: Enabled (Zero based)
 Heap Region Size: 2M
 Heap Min Capacity: 8M
 Heap Initial Capacity: 256M
 Heap Max Capacity: 4G
 Pre-touch: Disabled
 Parallel Workers: 8
 Concurrent Workers: 2
 Concurrent Refinement Workers: 8
 Periodic GC: Disabled

Heap:
 garbage-first heap   total 124928K, used 68799K [0x0000000700000000, 0x0000000800000000)
  region size 2048K, 20 young (40960K), 2 survivors (4096K)
 Metaspace       used 81353K, committed 81856K, reserved 1179648K
  class space    used 10877K, committed 11136K, reserved 1048576K

Heap Regions: E=young(eden), S=young(survivor), O=old, HS=humongous(starts), HC=humongous(continues), CS=collection set, F=free, OA=open archive, CA=closed archive, TAMS=top-at-mark-start (previous, next)
|   0|0x0000000700000000, 0x0000000700200000, 0x0000000700200000|100%| O|  |TAMS 0x0000000700200000, 0x0000000700000000| Untracked 
|   1|0x0000000700200000, 0x0000000700400000, 0x0000000700400000|100%| O|  |TAMS 0x0000000700400000, 0x0000000700200000| Untracked 
|   2|0x0000000700400000, 0x0000000700600000, 0x0000000700600000|100%| O|  |TAMS 0x0000000700600000, 0x0000000700400000| Untracked 
|   3|0x0000000700600000, 0x0000000700800000, 0x0000000700800000|100%| O|  |TAMS 0x0000000700800000, 0x0000000700600000| Untracked 
|   4|0x0000000700800000, 0x0000000700a00000, 0x0000000700a00000|100%| O|  |TAMS 0x0000000700a00000, 0x0000000700800000| Untracked 
|   5|0x0000000700a00000, 0x0000000700c00000, 0x0000000700c00000|100%| O|  |TAMS 0x0000000700c00000, 0x0000000700a00000| Untracked 
|   6|0x0000000700c00000, 0x0000000700e00000, 0x0000000700e00000|100%| O|  |TAMS 0x0000000700e00000, 0x0000000700c00000| Untracked 
|   7|0x0000000700e00000, 0x0000000701000000, 0x0000000701000000|100%| O|  |TAMS 0x0000000701000000, 0x0000000700e00000| Untracked 
|   8|0x0000000701000000, 0x0000000701200000, 0x0000000701200000|100%| O|  |TAMS 0x0000000701000000, 0x0000000701000000| Untracked 
|   9|0x0000000701200000, 0x0000000701400000, 0x0000000701400000|100%| O|  |TAMS 0x0000000701400000, 0x0000000701200000| Untracked 
|  10|0x0000000701400000, 0x0000000701600000, 0x0000000701600000|100%| O|  |TAMS 0x0000000701600000, 0x0000000701400000| Untracked 
|  11|0x0000000701600000, 0x0000000701800000, 0x0000000701800000|100%| O|  |TAMS 0x000000070179fa00, 0x0000000701600000| Untracked 
|  12|0x0000000701800000, 0x0000000701a00000, 0x0000000701a00000|100%| O|  |TAMS 0x0000000701800000, 0x0000000701800000| Untracked 
|  13|0x0000000701a00000, 0x0000000701c00000, 0x0000000701c00000|100%| O|  |TAMS 0x0000000701a00000, 0x0000000701a00000| Untracked 
|  14|0x0000000701c00000, 0x0000000701e00000, 0x0000000701e00000|100%| O|  |TAMS 0x0000000701c00000, 0x0000000701c00000| Untracked 
|  15|0x0000000701e00000, 0x0000000701ec8c00, 0x0000000702000000| 39%| O|  |TAMS 0x0000000701e00000, 0x0000000701e00000| Untracked 
|  16|0x0000000702000000, 0x0000000702000000, 0x0000000702200000|  0%| F|  |TAMS 0x0000000702000000, 0x0000000702000000| Untracked 
|  17|0x0000000702200000, 0x0000000702200000, 0x0000000702400000|  0%| F|  |TAMS 0x0000000702200000, 0x0000000702200000| Untracked 
|  18|0x0000000702400000, 0x0000000702400000, 0x0000000702600000|  0%| F|  |TAMS 0x0000000702400000, 0x0000000702400000| Untracked 
|  19|0x0000000702600000, 0x0000000702600000, 0x0000000702800000|  0%| F|  |TAMS 0x0000000702600000, 0x0000000702600000| Untracked 
|  20|0x0000000702800000, 0x0000000702867160, 0x0000000702a00000| 20%| S|CS|TAMS 0x0000000702800000, 0x0000000702800000| Complete 
|  21|0x0000000702a00000, 0x0000000702a00000, 0x0000000702c00000|  0%| F|  |TAMS 0x0000000702a00000, 0x0000000702a00000| Untracked 
|  22|0x0000000702c00000, 0x0000000702c00000, 0x0000000702e00000|  0%| F|  |TAMS 0x0000000702c00000, 0x0000000702c00000| Untracked 
|  23|0x0000000702e00000, 0x0000000703000000, 0x0000000703000000|100%| S|CS|TAMS 0x0000000702e00000, 0x0000000702e00000| Complete 
|  24|0x0000000703000000, 0x0000000703000000, 0x0000000703200000|  0%| F|  |TAMS 0x0000000703000000, 0x0000000703000000| Untracked 
|  25|0x0000000703200000, 0x0000000703200000, 0x0000000703400000|  0%| F|  |TAMS 0x0000000703200000, 0x0000000703200000| Untracked 
|  26|0x0000000703400000, 0x0000000703400000, 0x0000000703600000|  0%| F|  |TAMS 0x0000000703400000, 0x0000000703400000| Untracked 
|  27|0x0000000703600000, 0x0000000703600000, 0x0000000703800000|  0%| F|  |TAMS 0x0000000703600000, 0x0000000703600000| Untracked 
|  28|0x0000000703800000, 0x0000000703800000, 0x0000000703a00000|  0%| F|  |TAMS 0x0000000703800000, 0x0000000703800000| Untracked 
|  29|0x0000000703a00000, 0x0000000703a00000, 0x0000000703c00000|  0%| F|  |TAMS 0x0000000703a00000, 0x0000000703a00000| Untracked 
|  30|0x0000000703c00000, 0x0000000703c00000, 0x0000000703e00000|  0%| F|  |TAMS 0x0000000703c00000, 0x0000000703c00000| Untracked 
|  31|0x0000000703e00000, 0x0000000703e00000, 0x0000000704000000|  0%| F|  |TAMS 0x0000000703e00000, 0x0000000703e00000| Untracked 
|  32|0x0000000704000000, 0x0000000704000000, 0x0000000704200000|  0%| F|  |TAMS 0x0000000704000000, 0x0000000704000000| Untracked 
|  33|0x0000000704200000, 0x0000000704200000, 0x0000000704400000|  0%| F|  |TAMS 0x0000000704200000, 0x0000000704200000| Untracked 
|  34|0x0000000704400000, 0x0000000704400000, 0x0000000704600000|  0%| F|  |TAMS 0x0000000704400000, 0x0000000704400000| Untracked 
|  35|0x0000000704600000, 0x0000000704600000, 0x0000000704800000|  0%| F|  |TAMS 0x0000000704600000, 0x0000000704600000| Untracked 
|  36|0x0000000704800000, 0x0000000704800000, 0x0000000704a00000|  0%| F|  |TAMS 0x0000000704800000, 0x0000000704800000| Untracked 
|  37|0x0000000704a00000, 0x0000000704a00000, 0x0000000704c00000|  0%| F|  |TAMS 0x0000000704a00000, 0x0000000704a00000| Untracked 
|  38|0x0000000704c00000, 0x0000000704c00000, 0x0000000704e00000|  0%| F|  |TAMS 0x0000000704c00000, 0x0000000704c00000| Untracked 
|  39|0x0000000704e00000, 0x0000000704e00000, 0x0000000705000000|  0%| F|  |TAMS 0x0000000704e00000, 0x0000000704e00000| Untracked 
|  40|0x0000000705000000, 0x0000000705000000, 0x0000000705200000|  0%| F|  |TAMS 0x0000000705000000, 0x0000000705000000| Untracked 
|  41|0x0000000705200000, 0x0000000705200000, 0x0000000705400000|  0%| F|  |TAMS 0x0000000705200000, 0x0000000705200000| Untracked 
|  42|0x0000000705400000, 0x0000000705400000, 0x0000000705600000|  0%| F|  |TAMS 0x0000000705400000, 0x0000000705400000| Untracked 
|  43|0x0000000705600000, 0x0000000705600800, 0x0000000705800000|  0%| E|  |TAMS 0x0000000705600000, 0x0000000705600000| Complete 
|  44|0x0000000705800000, 0x0000000705a00000, 0x0000000705a00000|100%| E|CS|TAMS 0x0000000705800000, 0x0000000705800000| Complete 
|  45|0x0000000705a00000, 0x0000000705c00000, 0x0000000705c00000|100%| E|CS|TAMS 0x0000000705a00000, 0x0000000705a00000| Complete 
|  46|0x0000000705c00000, 0x0000000705e00000, 0x0000000705e00000|100%| E|CS|TAMS 0x0000000705c00000, 0x0000000705c00000| Complete 
|  47|0x0000000705e00000, 0x0000000706000000, 0x0000000706000000|100%| E|CS|TAMS 0x0000000705e00000, 0x0000000705e00000| Complete 
|  48|0x0000000706000000, 0x0000000706200000, 0x0000000706200000|100%| E|CS|TAMS 0x0000000706000000, 0x0000000706000000| Complete 
|  49|0x0000000706200000, 0x0000000706400000, 0x0000000706400000|100%| E|CS|TAMS 0x0000000706200000, 0x0000000706200000| Complete 
|  50|0x0000000706400000, 0x0000000706600000, 0x0000000706600000|100%| E|CS|TAMS 0x0000000706400000, 0x0000000706400000| Complete 
|  51|0x0000000706600000, 0x0000000706800000, 0x0000000706800000|100%| E|CS|TAMS 0x0000000706600000, 0x0000000706600000| Complete 
|  52|0x0000000706800000, 0x0000000706a00000, 0x0000000706a00000|100%| E|CS|TAMS 0x0000000706800000, 0x0000000706800000| Complete 
|  53|0x0000000706a00000, 0x0000000706c00000, 0x0000000706c00000|100%| E|CS|TAMS 0x0000000706a00000, 0x0000000706a00000| Complete 
|  54|0x0000000706c00000, 0x0000000706e00000, 0x0000000706e00000|100%| E|CS|TAMS 0x0000000706c00000, 0x0000000706c00000| Complete 
|  55|0x0000000706e00000, 0x0000000707000000, 0x0000000707000000|100%| E|CS|TAMS 0x0000000706e00000, 0x0000000706e00000| Complete 
|  56|0x0000000707000000, 0x0000000707200000, 0x0000000707200000|100%| E|CS|TAMS 0x0000000707000000, 0x0000000707000000| Complete 
|  57|0x0000000707200000, 0x0000000707400000, 0x0000000707400000|100%| E|CS|TAMS 0x0000000707200000, 0x0000000707200000| Complete 
|  58|0x0000000707400000, 0x0000000707600000, 0x0000000707600000|100%| E|CS|TAMS 0x0000000707400000, 0x0000000707400000| Complete 
|  59|0x0000000707600000, 0x0000000707800000, 0x0000000707800000|100%| E|CS|TAMS 0x0000000707600000, 0x0000000707600000| Complete 
| 127|0x000000070fe00000, 0x0000000710000000, 0x0000000710000000|100%| E|CS|TAMS 0x000000070fe00000, 0x000000070fe00000| Complete 

Card table byte_map: [0x00000276b6da0000,0x00000276b75a0000] _byte_map_base: 0x00000276b35a0000

Marking Bits (Prev, Next): (CMBitMap*) 0x000002769fa0b500, (CMBitMap*) 0x000002769fa0b4c0
 Prev Bits: [0x00000276bbda0000, 0x00000276bfda0000)
 Next Bits: [0x00000276b7da0000, 0x00000276bbda0000)

Polling page: 0x000002769d980000

Metaspace:

Usage:
  Non-class:     68.82 MB used.
      Class:     10.62 MB used.
       Both:     79.45 MB used.

Virtual space:
  Non-class space:      128.00 MB reserved,      69.06 MB ( 54%) committed,  2 nodes.
      Class space:        1.00 GB reserved,      10.88 MB (  1%) committed,  1 nodes.
             Both:        1.12 GB reserved,      79.94 MB (  7%) committed. 

Chunk freelists:
   Non-Class:  10.31 MB
       Class:  5.14 MB
        Both:  15.45 MB

MaxMetaspaceSize: unlimited
CompressedClassSpaceSize: 1.00 GB
Initial GC threshold: 21.00 MB
Current GC threshold: 98.56 MB
CDS: on
MetaspaceReclaimPolicy: balanced
 - commit_granule_bytes: 65536.
 - commit_granule_words: 8192.
 - virtual_space_node_default_size: 8388608.
 - enlarge_chunks_in_place: 1.
 - new_chunks_are_fully_committed: 0.
 - uncommit_free_chunks: 1.
 - use_allocation_guard: 0.
 - handle_deallocations: 1.


Internal statistics:

num_allocs_failed_limit: 9.
num_arena_births: 712.
num_arena_deaths: 0.
num_vsnodes_births: 3.
num_vsnodes_deaths: 0.
num_space_committed: 1279.
num_space_uncommitted: 0.
num_chunks_returned_to_freelist: 9.
num_chunks_taken_from_freelist: 3466.
num_chunk_merges: 9.
num_chunk_splits: 2591.
num_chunks_enlarged: 2127.
num_inconsistent_stats: 0.

CodeHeap 'non-profiled nmethods': size=120000Kb used=4571Kb max_used=4571Kb free=115428Kb
 bounds [0x00000276aed40000, 0x00000276af1c0000, 0x00000276b6270000]
CodeHeap 'profiled nmethods': size=120000Kb used=11054Kb max_used=11054Kb free=108945Kb
 bounds [0x00000276a7270000, 0x00000276a7d40000, 0x00000276ae7a0000]
CodeHeap 'non-nmethods': size=5760Kb used=1424Kb max_used=1556Kb free=4335Kb
 bounds [0x00000276ae7a0000, 0x00000276aea10000, 0x00000276aed40000]
 total_blobs=6197 nmethods=5517 adapters=591
 compilation: enabled
              stopped_count=0, restarted_count=0
 full_count=0

Compilation events (20 events):
Event: 12.848 Thread 0x00000276c2929620 6260       2       org.springframework.boot.autoconfigure.condition.ConditionEvaluationReport::lambda$getConditionAndOutcomesBySource$1 (13 bytes)
Event: 12.849 Thread 0x00000276c2929620 nmethod 6260 0x00000276a7d38210 code [0x00000276a7d38460, 0x00000276a7d38a68]
Event: 12.849 Thread 0x00000276c2929620 6262       2       org.springframework.boot.autoconfigure.condition.ConditionEvaluationReport$ConditionAndOutcomes::iterator (13 bytes)
Event: 12.850 Thread 0x00000276c2929620 nmethod 6262 0x00000276a7d39010 code [0x00000276a7d391e0, 0x00000276a7d394d8]
Event: 12.850 Thread 0x00000276c2929620 6263       2       java.util.IdentityHashMap::put (137 bytes)
Event: 12.850 Thread 0x00000276c2929620 nmethod 6263 0x00000276a7d39690 code [0x00000276a7d39880, 0x00000276a7d39eb8]
Event: 12.851 Thread 0x00000276c2929620 6264       2       org.springframework.core.annotation.AnnotationAwareOrderComparator::findOrderFromAnnotation (69 bytes)
Event: 12.852 Thread 0x00000276c2929620 nmethod 6264 0x00000276a7d3a190 code [0x00000276a7d3a380, 0x00000276a7d3a738]
Event: 12.853 Thread 0x00000276c2929620 6265       2       jdk.internal.math.FDBigInteger::mult (64 bytes)
Event: 12.853 Thread 0x00000276c2929620 nmethod 6265 0x00000276a7d3a910 code [0x00000276a7d3aac0, 0x00000276a7d3acf8]
Event: 12.853 Thread 0x00000276c2929620 6266       2       jdk.internal.math.FDBigInteger::<init> (30 bytes)
Event: 12.853 Thread 0x00000276c2929620 nmethod 6266 0x00000276a7d3af10 code [0x00000276a7d3b0c0, 0x00000276a7d3b268]
Event: 12.853 Thread 0x00000276c2929620 6267       2       jdk.internal.math.FDBigInteger::trimLeadingZeros (57 bytes)
Event: 12.853 Thread 0x00000276c2929620 nmethod 6267 0x00000276a7d3b390 code [0x00000276a7d3b520, 0x00000276a7d3b6f8]
Event: 12.857 Thread 0x00000276c2929620 6268   !   2       org.springframework.util.ClassUtils::isCacheSafe (84 bytes)
Event: 12.860 Thread 0x00000276c2929620 nmethod 6268 0x00000276a7d3b810 code [0x00000276a7d3baa0, 0x00000276a7d3c5e8]
Event: 12.860 Thread 0x00000276c2929620 6269       2       org.springframework.core.annotation.AnnotationAwareOrderComparator::sort (20 bytes)
Event: 12.860 Thread 0x00000276c2929620 nmethod 6269 0x00000276a7d3cf90 code [0x00000276a7d3d140, 0x00000276a7d3d298]
Event: 12.878 Thread 0x0000027713158f00 nmethod 6046 0x00000276af1a2e90 code [0x00000276af1a36e0, 0x00000276af1af778]
Event: 12.879 Thread 0x0000027713158f00 6100   !   4       org.springframework.core.annotation.AnnotationsScanner::processClassHierarchy (234 bytes)

GC Heap History (20 events):
Event: 5.049 GC heap before
{Heap before GC invocations=8 (full 0):
 garbage-first heap   total 104448K, used 27509K [0x0000000700000000, 0x0000000800000000)
  region size 2048K, 7 young (14336K), 2 survivors (4096K)
 Metaspace       used 35860K, committed 36160K, reserved 1114112K
  class space    used 4392K, committed 4544K, reserved 1048576K
}
Event: 5.060 GC heap after
{Heap after GC invocations=9 (full 0):
 garbage-first heap   total 104448K, used 19984K [0x0000000700000000, 0x0000000800000000)
  region size 2048K, 2 young (4096K), 2 survivors (4096K)
 Metaspace       used 35860K, committed 36160K, reserved 1114112K
  class space    used 4392K, committed 4544K, reserved 1048576K
}
Event: 6.459 GC heap before
{Heap before GC invocations=10 (full 0):
 garbage-first heap   total 75776K, used 60944K [0x0000000700000000, 0x0000000800000000)
  region size 2048K, 22 young (45056K), 2 survivors (4096K)
 Metaspace       used 42520K, committed 42944K, reserved 1114112K
  class space    used 5277K, committed 5504K, reserved 1048576K
}
Event: 6.479 GC heap after
{Heap after GC invocations=11 (full 0):
 garbage-first heap   total 75776K, used 23017K [0x0000000700000000, 0x0000000800000000)
  region size 2048K, 3 young (6144K), 3 survivors (6144K)
 Metaspace       used 42520K, committed 42944K, reserved 1114112K
  class space    used 5277K, committed 5504K, reserved 1048576K
}
Event: 6.537 GC heap before
{Heap before GC invocations=11 (full 0):
 garbage-first heap   total 75776K, used 25065K [0x0000000700000000, 0x0000000800000000)
  region size 2048K, 4 young (8192K), 3 survivors (6144K)
 Metaspace       used 42990K, committed 43392K, reserved 1114112K
  class space    used 5324K, committed 5504K, reserved 1048576K
}
Event: 6.551 GC heap after
{Heap after GC invocations=12 (full 0):
 garbage-first heap   total 75776K, used 23105K [0x0000000700000000, 0x0000000800000000)
  region size 2048K, 1 young (2048K), 1 survivors (2048K)
 Metaspace       used 42990K, committed 43392K, reserved 1114112K
  class space    used 5324K, committed 5504K, reserved 1048576K
}
Event: 7.617 GC heap before
{Heap before GC invocations=12 (full 0):
 garbage-first heap   total 75776K, used 55873K [0x0000000700000000, 0x0000000800000000)
  region size 2048K, 17 young (34816K), 1 survivors (2048K)
 Metaspace       used 49962K, committed 50368K, reserved 1114112K
  class space    used 6355K, committed 6528K, reserved 1048576K
}
Event: 7.625 GC heap after
{Heap after GC invocations=13 (full 0):
 garbage-first heap   total 75776K, used 24128K [0x0000000700000000, 0x0000000800000000)
  region size 2048K, 1 young (2048K), 1 survivors (2048K)
 Metaspace       used 49962K, committed 50368K, reserved 1114112K
  class space    used 6355K, committed 6528K, reserved 1048576K
}
Event: 8.467 GC heap before
{Heap before GC invocations=13 (full 0):
 garbage-first heap   total 75776K, used 54848K [0x0000000700000000, 0x0000000800000000)
  region size 2048K, 17 young (34816K), 1 survivors (2048K)
 Metaspace       used 55810K, committed 56256K, reserved 1114112K
  class space    used 7108K, committed 7296K, reserved 1048576K
}
Event: 8.475 GC heap after
{Heap after GC invocations=14 (full 0):
 garbage-first heap   total 75776K, used 25385K [0x0000000700000000, 0x0000000800000000)
  region size 2048K, 2 young (4096K), 2 survivors (4096K)
 Metaspace       used 55810K, committed 56256K, reserved 1114112K
  class space    used 7108K, committed 7296K, reserved 1048576K
}
Event: 8.904 GC heap before
{Heap before GC invocations=14 (full 0):
 garbage-first heap   total 75776K, used 39721K [0x0000000700000000, 0x0000000800000000)
  region size 2048K, 10 young (20480K), 2 survivors (4096K)
 Metaspace       used 60025K, committed 60416K, reserved 1114112K
  class space    used 7742K, committed 7936K, reserved 1048576K
}
Event: 8.913 GC heap after
{Heap after GC invocations=15 (full 0):
 garbage-first heap   total 75776K, used 26089K [0x0000000700000000, 0x0000000800000000)
  region size 2048K, 2 young (4096K), 2 survivors (4096K)
 Metaspace       used 60025K, committed 60416K, reserved 1114112K
  class space    used 7742K, committed 7936K, reserved 1048576K
}
Event: 9.697 GC heap before
{Heap before GC invocations=16 (full 0):
 garbage-first heap   total 75776K, used 58857K [0x0000000700000000, 0x0000000800000000)
  region size 2048K, 18 young (36864K), 2 survivors (4096K)
 Metaspace       used 65469K, committed 65920K, reserved 1114112K
  class space    used 8695K, committed 8896K, reserved 1048576K
}
Event: 9.709 GC heap after
{Heap after GC invocations=17 (full 0):
 garbage-first heap   total 75776K, used 27139K [0x0000000700000000, 0x0000000800000000)
  region size 2048K, 2 young (4096K), 2 survivors (4096K)
 Metaspace       used 65469K, committed 65920K, reserved 1114112K
  class space    used 8695K, committed 8896K, reserved 1048576K
}
Event: 10.569 GC heap before
{Heap before GC invocations=17 (full 0):
 garbage-first heap   total 75776K, used 59907K [0x0000000700000000, 0x0000000800000000)
  region size 2048K, 18 young (36864K), 2 survivors (4096K)
 Metaspace       used 69465K, committed 70016K, reserved 1114112K
  class space    used 9261K, committed 9536K, reserved 1048576K
}
Event: 10.575 GC heap after
{Heap after GC invocations=18 (full 0):
 garbage-first heap   total 75776K, used 29477K [0x0000000700000000, 0x0000000800000000)
  region size 2048K, 3 young (6144K), 3 survivors (6144K)
 Metaspace       used 69465K, committed 70016K, reserved 1114112K
  class space    used 9261K, committed 9536K, reserved 1048576K
}
Event: 11.308 GC heap before
{Heap before GC invocations=18 (full 0):
 garbage-first heap   total 75776K, used 58149K [0x0000000700000000, 0x0000000800000000)
  region size 2048K, 17 young (34816K), 3 survivors (6144K)
 Metaspace       used 72753K, committed 73280K, reserved 1114112K
  class space    used 9703K, committed 9984K, reserved 1048576K
}
Event: 11.316 GC heap after
{Heap after GC invocations=19 (full 0):
 garbage-first heap   total 75776K, used 31770K [0x0000000700000000, 0x0000000800000000)
  region size 2048K, 3 young (6144K), 3 survivors (6144K)
 Metaspace       used 72753K, committed 73280K, reserved 1114112K
  class space    used 9703K, committed 9984K, reserved 1048576K
}
Event: 12.118 GC heap before
{Heap before GC invocations=19 (full 0):
 garbage-first heap   total 75776K, used 58394K [0x0000000700000000, 0x0000000800000000)
  region size 2048K, 16 young (32768K), 3 survivors (6144K)
 Metaspace       used 77307K, committed 77824K, reserved 1179648K
  class space    used 10320K, committed 10560K, reserved 1048576K
}
Event: 12.125 GC heap after
{Heap after GC invocations=20 (full 0):
 garbage-first heap   total 124928K, used 33983K [0x0000000700000000, 0x0000000800000000)
  region size 2048K, 2 young (4096K), 2 survivors (4096K)
 Metaspace       used 77307K, committed 77824K, reserved 1179648K
  class space    used 10320K, committed 10560K, reserved 1048576K
}

Deoptimization events (20 events):
Event: 12.757 Thread 0x000002769f99c070 DEOPT PACKING pc=0x00000276a78c9aec sp=0x0000008b6b7fe4b0
Event: 12.757 Thread 0x000002769f99c070 DEOPT UNPACKING pc=0x00000276ae7f66e3 sp=0x0000008b6b7fda00 mode 1
Event: 12.757 Thread 0x000002769f99c070 DEOPT PACKING pc=0x00000276a7cb6504 sp=0x0000008b6b7fe5c0
Event: 12.757 Thread 0x000002769f99c070 DEOPT UNPACKING pc=0x00000276ae7f66e3 sp=0x0000008b6b7fda90 mode 1
Event: 12.757 Thread 0x000002769f99c070 DEOPT PACKING pc=0x00000276a78c9aec sp=0x0000008b6b7fe4a0
Event: 12.757 Thread 0x000002769f99c070 DEOPT UNPACKING pc=0x00000276ae7f66e3 sp=0x0000008b6b7fda08 mode 1
Event: 12.758 Thread 0x000002769f99c070 DEOPT PACKING pc=0x00000276a78c9aec sp=0x0000008b6b7fe8e0
Event: 12.758 Thread 0x000002769f99c070 DEOPT UNPACKING pc=0x00000276ae7f66e3 sp=0x0000008b6b7fde30 mode 1
Event: 12.758 Thread 0x000002769f99c070 DEOPT PACKING pc=0x00000276a7b2edd4 sp=0x0000008b6b7fe9f0
Event: 12.758 Thread 0x000002769f99c070 DEOPT UNPACKING pc=0x00000276ae7f66e3 sp=0x0000008b6b7fdeb0 mode 1
Event: 12.758 Thread 0x000002769f99c070 DEOPT PACKING pc=0x00000276a78c9aec sp=0x0000008b6b7fe8e0
Event: 12.758 Thread 0x000002769f99c070 DEOPT UNPACKING pc=0x00000276ae7f66e3 sp=0x0000008b6b7fde30 mode 1
Event: 12.758 Thread 0x000002769f99c070 DEOPT PACKING pc=0x00000276a7b2edd4 sp=0x0000008b6b7fe9f0
Event: 12.759 Thread 0x000002769f99c070 DEOPT UNPACKING pc=0x00000276ae7f66e3 sp=0x0000008b6b7fdeb0 mode 1
Event: 12.759 Thread 0x000002769f99c070 DEOPT PACKING pc=0x00000276a78c9aec sp=0x0000008b6b7fe8e0
Event: 12.759 Thread 0x000002769f99c070 DEOPT UNPACKING pc=0x00000276ae7f66e3 sp=0x0000008b6b7fde30 mode 1
Event: 12.759 Thread 0x000002769f99c070 DEOPT PACKING pc=0x00000276a7b2edd4 sp=0x0000008b6b7fe9f0
Event: 12.759 Thread 0x000002769f99c070 DEOPT UNPACKING pc=0x00000276ae7f66e3 sp=0x0000008b6b7fdeb0 mode 1
Event: 12.847 Thread 0x000002769f99c070 DEOPT PACKING pc=0x00000276a7d35671 sp=0x0000008b6b7fe9f0
Event: 12.847 Thread 0x000002769f99c070 DEOPT UNPACKING pc=0x00000276ae7f66e3 sp=0x0000008b6b7fdec8 mode 0

Classes unloaded (0 events):
No events

Classes redefined (1 events):
Event: 0.266 Thread 0x00000276c27fb780 redefined class name=java.lang.Throwable, count=1

Internal exceptions (20 events):
Event: 10.105 Thread 0x000002769f99c070 Exception <a 'java/lang/NoSuchMethodError'{0x000000070363ace0}: 'int java.lang.invoke.DirectMethodHandle$Holder.invokeStatic(java.lang.Object, java.lang.Object, int)'> (0x000000070363ace0) 
thrown [s\open\src\hotspot\share\interpreter\linkResolver.cpp, line 759]
Event: 10.115 Thread 0x000002769f99c070 Exception <a 'java/lang/IncompatibleClassChangeError'{0x00000007036892d8}: Found class java.lang.Object, but interface was expected> (0x00000007036892d8) 
thrown [s\open\src\hotspot\share\interpreter\linkResolver.cpp, line 826]
Event: 10.190 Thread 0x000002769f99c070 Exception <a 'java/lang/NoSuchMethodError'{0x00000007034b29b0}: 'java.lang.Object java.lang.invoke.DirectMethodHandle$Holder.invokeStatic(java.lang.Object, int, java.lang.Object)'> (0x00000007034b29b0) 
thrown [s\open\src\hotspot\share\interpreter\linkResolver.cpp, line 759]
Event: 10.202 Thread 0x000002769f99c070 Exception <a 'java/lang/reflect/InvocationTargetException'{0x0000000703509bd8}> (0x0000000703509bd8) 
thrown [s\open\src\hotspot\share\runtime\reflection.cpp, line 1121]
Event: 10.205 Thread 0x000002769f99c070 Exception <a 'java/lang/reflect/InvocationTargetException'{0x0000000703517090}> (0x0000000703517090) 
thrown [s\open\src\hotspot\share\runtime\reflection.cpp, line 1121]
Event: 10.285 Thread 0x000002769f99c070 Exception <a 'java/lang/NoSuchMethodError'{0x0000000703032a10}: 'long java.lang.invoke.DirectMethodHandle$Holder.invokeVirtual(java.lang.Object, java.lang.Object)'> (0x0000000703032a10) 
thrown [s\open\src\hotspot\share\interpreter\linkResolver.cpp, line 759]
Event: 11.144 Thread 0x000002769f99c070 Exception <a 'sun/nio/fs/WindowsException'{0x00000007035ae0a8}> (0x00000007035ae0a8) 
thrown [s\open\src\hotspot\share\prims\jni.cpp, line 516]
Event: 11.228 Thread 0x000002769f99c070 Exception <a 'java/lang/IncompatibleClassChangeError'{0x00000007031c7680}: Found class java.lang.Object, but interface was expected> (0x00000007031c7680) 
thrown [s\open\src\hotspot\share\interpreter\linkResolver.cpp, line 826]
Event: 11.432 Thread 0x000002769f99c070 Exception <a 'java/lang/NoSuchMethodError'{0x0000000705b163f8}: 'java.lang.Object java.lang.invoke.DirectMethodHandle$Holder.invokeInterface(java.lang.Object, java.lang.Object, java.lang.Object, java.lang.Object)'> (0x0000000705b163f8) 
thrown [s\open\src\hotspot\share\interpreter\linkResolver.cpp, line 759]
Event: 11.514 Thread 0x000002769f99c070 Exception <a 'java/lang/NoSuchMethodError'{0x0000000705952368}: 'void java.lang.invoke.DirectMethodHandle$Holder.invokeVirtual(java.lang.Object, java.lang.Object, long)'> (0x0000000705952368) 
thrown [s\open\src\hotspot\share\interpreter\linkResolver.cpp, line 759]
Event: 12.083 Thread 0x000002769f99c070 Exception <a 'java/lang/NoSuchMethodError'{0x000000070301cef8}: 'java.lang.Object java.lang.invoke.DirectMethodHandle$Holder.invokeStaticInit(java.lang.Object, long)'> (0x000000070301cef8) 
thrown [s\open\src\hotspot\share\interpreter\linkResolver.cpp, line 759]
Event: 12.306 Thread 0x000002769f99c070 Exception <a 'java/lang/IncompatibleClassChangeError'{0x00000007070e4af8}: Found class java.lang.Object, but interface was expected> (0x00000007070e4af8) 
thrown [s\open\src\hotspot\share\interpreter\linkResolver.cpp, line 826]
Event: 12.320 Thread 0x000002769f99c070 Implicit null exception at 0x00000276aeeec6c0 to 0x00000276aeeec910
Event: 12.660 Thread 0x000002769f99c070 Exception <a 'java/lang/NoSuchMethodError'{0x0000000706036320}: 'void java.lang.invoke.DirectMethodHandle$Holder.invokeVirtual(java.lang.Object, java.lang.Object, float)'> (0x0000000706036320) 
thrown [s\open\src\hotspot\share\interpreter\linkResolver.cpp, line 759]
Event: 12.702 Thread 0x000002769f99c070 Exception <a 'java/io/FileNotFoundException'{0x00000007061c59f0}> (0x00000007061c59f0) 
thrown [s\open\src\hotspot\share\prims\jni.cpp, line 516]
Event: 12.703 Thread 0x000002769f99c070 Exception <a 'java/io/FileNotFoundException'{0x00000007061d0b48}> (0x00000007061d0b48) 
thrown [s\open\src\hotspot\share\prims\jni.cpp, line 516]
Event: 12.788 Thread 0x000002769f99c070 Exception <a 'java/lang/NoSuchMethodError'{0x0000000705c8e150}: 'java.lang.Object java.lang.invoke.DirectMethodHandle$Holder.newInvokeSpecial(java.lang.Object, java.lang.Object, int, java.lang.Object, java.lang.Object)'> (0x0000000705c8e150) 
thrown [s\open\src\hotspot\share\interpreter\linkResolver.cpp, line 759]
Event: 12.790 Thread 0x000002769f99c070 Exception <a 'java/lang/NoSuchMethodError'{0x0000000705c996f0}: 'java.lang.Object java.lang.invoke.DirectMethodHandle$Holder.invokeSpecial(java.lang.Object, java.lang.Object, int, java.lang.Object, int, java.lang.Object)'> (0x0000000705c996f0) 
thrown [s\open\src\hotspot\share\interpreter\linkResolver.cpp, line 759]
Event: 12.790 Thread 0x000002769f99c070 Exception <a 'java/lang/NoSuchMethodError'{0x0000000705ca1518}: 'java.lang.Object java.lang.invoke.DirectMethodHandle$Holder.newInvokeSpecial(java.lang.Object, java.lang.Object, int, java.lang.Object, int)'> (0x0000000705ca1518) 
thrown [s\open\src\hotspot\share\interpreter\linkResolver.cpp, line 759]
Event: 12.791 Thread 0x000002769f99c070 Exception <a 'java/lang/NoSuchMethodError'{0x0000000705ca5638}: 'java.lang.Object java.lang.invoke.DirectMethodHandle$Holder.invokeSpecial(java.lang.Object, java.lang.Object, java.lang.Object, int, java.lang.Object, int)'> (0x0000000705ca5638) 
thrown [s\open\src\hotspot\share\interpreter\linkResolver.cpp, line 759]

VM Operations (20 events):
Event: 11.023 Executing VM operation: HandshakeAllThreads
Event: 11.023 Executing VM operation: HandshakeAllThreads done
Event: 11.308 Executing VM operation: G1CollectForAllocation
Event: 11.317 Executing VM operation: G1CollectForAllocation done
Event: 11.565 Executing VM operation: HandshakeAllThreads
Event: 11.565 Executing VM operation: HandshakeAllThreads done
Event: 11.916 Executing VM operation: HandshakeAllThreads
Event: 11.916 Executing VM operation: HandshakeAllThreads done
Event: 11.996 Executing VM operation: HandshakeAllThreads
Event: 11.996 Executing VM operation: HandshakeAllThreads done
Event: 12.014 Executing VM operation: HandshakeAllThreads
Event: 12.015 Executing VM operation: HandshakeAllThreads done
Event: 12.015 Executing VM operation: HandshakeAllThreads
Event: 12.015 Executing VM operation: HandshakeAllThreads done
Event: 12.079 Executing VM operation: HandshakeAllThreads
Event: 12.079 Executing VM operation: HandshakeAllThreads done
Event: 12.117 Executing VM operation: G1CollectForAllocation
Event: 12.125 Executing VM operation: G1CollectForAllocation done
Event: 13.134 Executing VM operation: Cleanup
Event: 13.134 Executing VM operation: Cleanup done

Events (20 events):
Event: 12.855 loading class org/springframework/boot/Runner
Event: 12.855 loading class org/springframework/boot/Runner done
Event: 12.856 loading class org/springframework/boot/SpringApplication$FactoryAwareOrderSourceProvider
Event: 12.856 loading class org/springframework/boot/SpringApplication$FactoryAwareOrderSourceProvider done
Event: 12.856 loading class java/util/IdentityHashMap$KeySpliterator
Event: 12.856 loading class java/util/IdentityHashMap$IdentityHashMapSpliterator
Event: 12.857 loading class java/util/IdentityHashMap$IdentityHashMapSpliterator done
Event: 12.857 loading class java/util/IdentityHashMap$KeySpliterator done
Event: 12.857 loading class org/springframework/boot/SpringApplication
Event: 12.857 loading class org/springframework/boot/SpringApplication done
Event: 12.857 loading class org/springframework/boot/ApplicationArguments
Event: 12.857 loading class org/springframework/boot/ApplicationArguments done
Event: 12.857 loading class org/springframework/boot/Runner
Event: 12.857 loading class org/springframework/boot/Runner done
Event: 12.857 loading class org/springframework/context/ConfigurableApplicationContext
Event: 12.857 loading class org/springframework/context/ConfigurableApplicationContext done
Event: 12.857 loading class org/springframework/context/ConfigurableApplicationContext
Event: 12.857 loading class org/springframework/context/ConfigurableApplicationContext done
Event: 12.858 Thread 0x000002769f99c070 Thread exited: 0x000002769f99c070
Event: 12.859 Thread 0x0000027713ebafa0 Thread added: 0x0000027713ebafa0


Dynamic libraries:
0x00007ff62d8c0000 - 0x00007ff62d8d0000 	C:\Program Files\Java\jdk-17\bin\java.exe
0x00007ffdecd50000 - 0x00007ffdecf48000 	C:\Windows\SYSTEM32\ntdll.dll
0x00007ffdec3f0000 - 0x00007ffdec4b2000 	C:\Windows\System32\KERNEL32.DLL
0x00007ffdea950000 - 0x00007ffdeac46000 	C:\Windows\System32\KERNELBASE.dll
0x00007ffdea530000 - 0x00007ffdea630000 	C:\Windows\System32\ucrtbase.dll
0x00007ffde4fc0000 - 0x00007ffde4fdb000 	C:\Program Files\Java\jdk-17\bin\VCRUNTIME140.dll
0x00007ffde5050000 - 0x00007ffde5069000 	C:\Program Files\Java\jdk-17\bin\jli.dll
0x00007ffdec4f0000 - 0x00007ffdec59f000 	C:\Windows\System32\ADVAPI32.dll
0x00007ffdeb830000 - 0x00007ffdeb8ce000 	C:\Windows\System32\msvcrt.dll
0x00007ffdebc40000 - 0x00007ffdebcdf000 	C:\Windows\System32\sechost.dll
0x00007ffdeaeb0000 - 0x00007ffdeafd3000 	C:\Windows\System32\RPCRT4.dll
0x00007ffdea770000 - 0x00007ffdea797000 	C:\Windows\System32\bcrypt.dll
0x00007ffdeb960000 - 0x00007ffdebafd000 	C:\Windows\System32\USER32.dll
0x00007ffdea480000 - 0x00007ffdea4a2000 	C:\Windows\System32\win32u.dll
0x00007ffdcf190000 - 0x00007ffdcf42a000 	C:\Windows\WinSxS\amd64_microsoft.windows.common-controls_6595b64144ccf1df_6.0.19041.4355_none_60b8b9eb71f62e16\COMCTL32.dll
0x00007ffdebf40000 - 0x00007ffdebf6b000 	C:\Windows\System32\GDI32.dll
0x00007ffdeac50000 - 0x00007ffdead6a000 	C:\Windows\System32\gdi32full.dll
0x00007ffdea3e0000 - 0x00007ffdea47d000 	C:\Windows\System32\msvcp_win.dll
0x00007ffde0c60000 - 0x00007ffde0c6a000 	C:\Windows\SYSTEM32\VERSION.dll
0x00007ffdec4c0000 - 0x00007ffdec4ef000 	C:\Windows\System32\IMM32.DLL
0x00007ffde4f10000 - 0x00007ffde4f1c000 	C:\Program Files\Java\jdk-17\bin\vcruntime140_1.dll
0x00007ffde0780000 - 0x00007ffde080e000 	C:\Program Files\Java\jdk-17\bin\msvcp140.dll
0x00007ffdc1b90000 - 0x00007ffdc2771000 	C:\Program Files\Java\jdk-17\bin\server\jvm.dll
0x00007ffdeb0c0000 - 0x00007ffdeb0c8000 	C:\Windows\System32\PSAPI.DLL
0x00007ffdd9be0000 - 0x00007ffdd9be9000 	C:\Windows\SYSTEM32\WSOCK32.dll
0x00007ffdd3b00000 - 0x00007ffdd3b27000 	C:\Windows\SYSTEM32\WINMM.dll
0x00007ffdebb60000 - 0x00007ffdebbcb000 	C:\Windows\System32\WS2_32.dll
0x00007ffde8240000 - 0x00007ffde8252000 	C:\Windows\SYSTEM32\kernel.appcore.dll
0x00007ffde4f00000 - 0x00007ffde4f0a000 	C:\Program Files\Java\jdk-17\bin\jimage.dll
0x00007ffde20a0000 - 0x00007ffde2284000 	C:\Windows\SYSTEM32\DBGHELP.DLL
0x00007ffde2030000 - 0x00007ffde2064000 	C:\Windows\SYSTEM32\dbgcore.DLL
0x00007ffdea6e0000 - 0x00007ffdea762000 	C:\Windows\System32\bcryptPrimitives.dll
0x00007ffdd4510000 - 0x00007ffdd454b000 	C:\Program Files\Java\jdk-17\bin\jdwp.dll
0x00007ffde3be0000 - 0x00007ffde3bee000 	C:\Program Files\Java\jdk-17\bin\instrument.dll
0x00007ffde0750000 - 0x00007ffde0775000 	C:\Program Files\Java\jdk-17\bin\java.dll
0x00007ffdd4de0000 - 0x00007ffdd4df8000 	C:\Program Files\Java\jdk-17\bin\zip.dll
0x00007ffdd4f40000 - 0x00007ffdd5017000 	C:\Program Files\Java\jdk-17\bin\jsvml.dll
0x00007ffdec5a0000 - 0x00007ffdecd0f000 	C:\Windows\System32\SHELL32.dll
0x00007ffde8440000 - 0x00007ffde8be3000 	C:\Windows\SYSTEM32\windows.storage.dll
0x00007ffdebf70000 - 0x00007ffdec2c5000 	C:\Windows\System32\combase.dll
0x00007ffde9c60000 - 0x00007ffde9c8b000 	C:\Windows\SYSTEM32\Wldp.dll
0x00007ffdeb0d0000 - 0x00007ffdeb19d000 	C:\Windows\System32\OLEAUT32.dll
0x00007ffdebce0000 - 0x00007ffdebd8d000 	C:\Windows\System32\SHCORE.dll
0x00007ffdec390000 - 0x00007ffdec3e5000 	C:\Windows\System32\shlwapi.dll
0x00007ffdea310000 - 0x00007ffdea335000 	C:\Windows\SYSTEM32\profapi.dll
0x00007ffddcd80000 - 0x00007ffddcd8c000 	C:\Program Files\Java\jdk-17\bin\dt_socket.dll
0x00007ffde9740000 - 0x00007ffde977b000 	C:\Windows\SYSTEM32\IPHLPAPI.DLL
0x00007ffde9a40000 - 0x00007ffde9aac000 	C:\Windows\system32\mswsock.dll
0x00007ffde0630000 - 0x00007ffde0649000 	C:\Program Files\Java\jdk-17\bin\net.dll
0x00007ffde4a80000 - 0x00007ffde4b8a000 	C:\Windows\SYSTEM32\WINHTTP.dll
0x00007ffdd5080000 - 0x00007ffdd5096000 	C:\Program Files\Java\jdk-17\bin\nio.dll
0x00007ffde3bd0000 - 0x00007ffde3bde000 	C:\Program Files\Java\jdk-17\bin\sunmscapi.dll
0x00007ffdea7a0000 - 0x00007ffdea8fd000 	C:\Windows\System32\CRYPT32.dll
0x00007ffde9d30000 - 0x00007ffde9d57000 	C:\Windows\SYSTEM32\ncrypt.dll
0x00007ffde9ce0000 - 0x00007ffde9d1b000 	C:\Windows\SYSTEM32\NTASN1.dll
0x00007ffde08b0000 - 0x00007ffde08c0000 	C:\Program Files\Java\jdk-17\bin\verify.dll
0x00007ffde9ca0000 - 0x00007ffde9cb8000 	C:\Windows\SYSTEM32\CRYPTSP.dll
0x00007ffde9380000 - 0x00007ffde93b8000 	C:\Windows\system32\rsaenh.dll
0x00007ffdea2d0000 - 0x00007ffdea2fe000 	C:\Windows\SYSTEM32\USERENV.dll
0x00007ffde9bd0000 - 0x00007ffde9bdc000 	C:\Windows\SYSTEM32\CRYPTBASE.dll
0x00007ffdec2d0000 - 0x00007ffdec2d8000 	C:\Windows\System32\NSI.dll
0x00007ffde4bb0000 - 0x00007ffde4bc7000 	C:\Windows\SYSTEM32\dhcpcsvc6.DLL
0x00007ffde4b90000 - 0x00007ffde4bad000 	C:\Windows\SYSTEM32\dhcpcsvc.DLL
0x00007ffde9780000 - 0x00007ffde984a000 	C:\Windows\SYSTEM32\DNSAPI.dll
0x00007ffde3b70000 - 0x00007ffde3b7a000 	C:\Program Files\Java\jdk-17\bin\management.dll
0x00007ffde0de0000 - 0x00007ffde0deb000 	C:\Program Files\Java\jdk-17\bin\management_ext.dll
0x00007ffddf9e0000 - 0x00007ffddf9ea000 	C:\Windows\System32\rasadhlp.dll
0x00007ffde3660000 - 0x00007ffde36e0000 	C:\Windows\System32\fwpuclnt.dll
0x00007ffd9eb30000 - 0x00007ffd9eb37000 	C:\Windows\system32\wshunix.dll

dbghelp: loaded successfully - version: 4.0.5 - missing functions: none
symbol engine: initialized successfully - sym options: 0x614 - pdb path: .;C:\Program Files\Java\jdk-17\bin;C:\Windows\SYSTEM32;C:\Windows\WinSxS\amd64_microsoft.windows.common-controls_6595b64144ccf1df_6.0.19041.4355_none_60b8b9eb71f62e16;C:\Program Files\Java\jdk-17\bin\server

VM Arguments:
jvm_args: -agentlib:jdwp=transport=dt_socket,address=127.0.0.1:58113,suspend=y,server=n -javaagent:C:\Users\dat-acc\AppData\Local\JetBrains\IdeaIC2024.3\captureAgent\debugger-agent.jar -Dkotlinx.coroutines.debug.enable.creation.stack.trace=false -Ddebugger.agent.enable.coroutines=true -Dkotlinx.coroutines.debug.enable.flows.stack.trace=true -Dkotlinx.coroutines.debug.enable.mutable.state.flows.stack.trace=true -Dfile.encoding=UTF-8 
java_command: vn.dathocjava.dathocjava_sample.DathocjavaSampleApplication
java_class_path (initial): C:\Users\dat-acc\Desktop\expense-tracker_backend\target\classes;C:\Users\dat-acc\.m2\repository\org\springframework\boot\spring-boot-starter-mail\3.2.4\spring-boot-starter-mail-3.2.4.jar;C:\Users\dat-acc\.m2\repository\org\springframework\boot\spring-boot-starter\3.2.4\spring-boot-starter-3.2.4.jar;C:\Users\dat-acc\.m2\repository\org\springframework\boot\spring-boot\3.2.4\spring-boot-3.2.4.jar;C:\Users\dat-acc\.m2\repository\org\springframework\boot\spring-boot-autoconfigure\3.2.4\spring-boot-autoconfigure-3.2.4.jar;C:\Users\dat-acc\.m2\repository\org\springframework\boot\spring-boot-starter-logging\3.2.4\spring-boot-starter-logging-3.2.4.jar;C:\Users\dat-acc\.m2\repository\ch\qos\logback\logback-classic\1.4.14\logback-classic-1.4.14.jar;C:\Users\dat-acc\.m2\repository\ch\qos\logback\logback-core\1.4.14\logback-core-1.4.14.jar;C:\Users\dat-acc\.m2\repository\org\apache\logging\log4j\log4j-to-slf4j\2.21.1\log4j-to-slf4j-2.21.1.jar;C:\Users\dat-acc\.m2\repository\org\apache\logging\log4j\log4j-api\2.21.1\log4j-api-2.21.1.jar;C:\Users\dat-acc\.m2\repository\org\slf4j\jul-to-slf4j\2.0.12\jul-to-slf4j-2.0.12.jar;C:\Users\dat-acc\.m2\repository\jakarta\annotation\jakarta.annotation-api\2.1.1\jakarta.annotation-api-2.1.1.jar;C:\Users\dat-acc\.m2\repository\org\yaml\snakeyaml\2.2\snakeyaml-2.2.jar;C:\Users\dat-acc\.m2\repository\org\springframework\spring-context-support\6.1.5\spring-context-support-6.1.5.jar;C:\Users\dat-acc\.m2\repository\org\springframework\spring-beans\6.1.5\spring-beans-6.1.5.jar;C:\Users\dat-acc\.m2\repository\org\eclipse\angus\jakarta.mail\2.0.3\jakarta.mail-2.0.3.jar;C:\Users\dat-acc\.m2\repository\jakarta\activation\jakarta.activation-api\2.1.3\jakarta.activation-api-2.1.3.jar;C:\Users\dat-acc\.m2\repository\org\eclipse\angus\angus-activation\2.0.2\angus-activation-2.0.2.jar;C:\Users\dat-acc\.m2\repository\org\springframework\boot\spring-boot-starter-thymeleaf\3.2.4\spring-boot-starter-thymeleaf-3.2.4.jar;C:\Users\dat-a
Launcher Type: SUN_STANDARD

[Global flags]
     intx CICompilerCount                          = 4                                         {product} {ergonomic}
     uint ConcGCThreads                            = 2                                         {product} {ergonomic}
     uint G1ConcRefinementThreads                  = 8                                         {product} {ergonomic}
   size_t G1HeapRegionSize                         = 2097152                                   {product} {ergonomic}
    uintx GCDrainStackTargetSize                   = 64                                        {product} {ergonomic}
   size_t InitialHeapSize                          = 268435456                                 {product} {ergonomic}
   size_t MarkStackSize                            = 4194304                                   {product} {ergonomic}
   size_t MaxHeapSize                              = 4294967296                                {product} {ergonomic}
   size_t MaxNewSize                               = 2575302656                                {product} {ergonomic}
   size_t MinHeapDeltaBytes                        = 2097152                                   {product} {ergonomic}
   size_t MinHeapSize                              = 8388608                                   {product} {ergonomic}
    uintx NonNMethodCodeHeapSize                   = 5839372                                {pd product} {ergonomic}
    uintx NonProfiledCodeHeapSize                  = 122909434                              {pd product} {ergonomic}
    uintx ProfiledCodeHeapSize                     = 122909434                              {pd product} {ergonomic}
    uintx ReservedCodeCacheSize                    = 251658240                              {pd product} {ergonomic}
     bool SegmentedCodeCache                       = true                                      {product} {ergonomic}
   size_t SoftMaxHeapSize                          = 4294967296                             {manageable} {ergonomic}
     bool UseCompressedClassPointers               = true                           {product lp64_product} {ergonomic}
     bool UseCompressedOops                        = true                           {product lp64_product} {ergonomic}
     bool UseG1GC                                  = true                                      {product} {ergonomic}
     bool UseLargePagesIndividualAllocation        = false                                  {pd product} {ergonomic}

Logging:
Log output configuration:
 #0: stdout all=warning uptime,level,tags
 #1: stderr all=off uptime,level,tags

Environment Variables:
JAVA_HOME=C:\Program Files\Java\jdk-17
PATH=D:\python\Scripts\;D:\python\;C:\Python313\Scripts\;C:\Python313\;C:\Windows\system32;C:\Windows;C:\Windows\System32\Wbem;C:\Windows\System32\WindowsPowerShell\v1.0\;C:\Windows\System32\OpenSSH\;C:\Users\dat-acc\Desktop\cong cu\apache-maven-3.9.9\bin;C:\Program Files\Docker\Docker\resources\bin;C:\Program Files\Java\jdk-17\bin;C:\Users\dat-acc\;C:\ProgramData\chocolatey\bin;C:\Program Files\Java\jdk-17\bin;C:\Users\dat-acc\Desktop\Work\Git\cmd;C:\Users\dat-acc\AppData\Local\Microsoft\WindowsApps;C:\Users\dat-acc\AppData\Local\Programs\Microsoft VS Code\bin;C:\Users\dat-acc\IntelliJ IDEA Community Edition 2024.3\bin;C:\Users\dat-acc\Desktop\cong cu\apache-maven-3.9.9\bin;;C:\Users\dat-acc\Desktop\cong cu\apache-maven-3.9.9\bin;C:\Users\dat-acc\AppData\Roaming\npm;;D:\PyCharm Community Edition 2024.3.4\bin;
USERNAME=dat-acc
OS=Windows_NT
PROCESSOR_IDENTIFIER=Intel64 Family 6 Model 85 Stepping 7, GenuineIntel



---------------  S Y S T E M  ---------------

OS:
 Windows 10 , 64 bit Build 19041 (10.0.19041.5678)
OS uptime: 7 days 11:23 hours
Hyper-V role detected

CPU: total 8 (initial active 8) (4 cores per cpu, 2 threads per core) family 6 model 85 stepping 7 microcode 0xffffffff, cx8, cmov, fxsr, ht, mmx, 3dnowpref, sse, sse2, sse3, ssse3, sse4.1, sse4.2, popcnt, lzcnt, tsc, avx, avx2, aes, erms, clmul, bmi1, bmi2, rtm, adx, avx512f, avx512dq, avx512cd, avx512bw, avx512vl, fma, vzeroupper, clflush, clflushopt, hv

Memory: 4k page, system-wide physical 16382M (761M free)
TotalPageFile size 24574M (AvailPageFile size 13M)
current process WorkingSet (physical memory assigned to process): 451M, peak: 464M
current process commit charge ("private bytes"): 515M, peak: 525M

vm_info: Java HotSpot(TM) 64-Bit Server VM (17.0.14+8-LTS-191) for windows-amd64 JRE (17.0.14+8-LTS-191), built on Dec  3 2024 11:07:59 by "mach5one" with MS VC++ 17.6 (VS2022)

END.
